#
# There is insufficient memory for the Java Runtime Environment to continue.
# Native memory allocation (mmap) failed to map 104861696 bytes for committing reserved memory.
# Possible reasons:
#   The system is out of physical RAM or swap space
#   In 32 bit mode, the process size limit was hit
# Possible solutions:
#   Reduce memory load on the system
#   Increase physical memory or swap space
#   Check if swap backing store is full
#   Use 64 bit Java on a 64 bit OS
#   Decrease Java heap size (-Xmx/-Xms)
#   Decrease number of Java threads
#   Decrease Java thread stack sizes (-Xss)
#   Set larger code cache with -XX:ReservedCodeCacheSize=
# This output file may be truncated or incomplete.
#
#  Out of Memory Error (os_linux.cpp:2640), pid=12231, tid=0x00007f6fa4dd6700
#
# JRE version: Java(TM) SE Runtime Environment (8.0_181-b13) (build 1.8.0_181-b13)
# Java VM: Java HotSpot(TM) 64-Bit Server VM (25.181-b13 mixed mode linux-amd64 compressed oops)
# Failed to write core dump. Core dumps have been disabled. To enable core dumping, try "ulimit -c unlimited" before starting Java again
#

---------------  T H R E A D  ---------------

Current thread (0x00007f6fb4076000):  VMThread [stack: 0x00007f6fa4cd6000,0x00007f6fa4dd7000] [id=12246]

Stack: [0x00007f6fa4cd6000,0x00007f6fa4dd7000],  sp=0x00007f6fa4dd52d0,  free space=1020k
Native frames: (J=compiled Java code, j=interpreted, Vv=VM code, C=native code)
V  [libjvm.so+0xad21aa]  VMError::report_and_die()+0x2ba
V  [libjvm.so+0x5022db]  report_vm_out_of_memory(char const*, int, unsigned long, VMErrorType, char const*)+0x8b
V  [libjvm.so+0x92fe33]  os::Linux::commit_memory_impl(char*, unsigned long, bool)+0x123
V  [libjvm.so+0x930059]  os::pd_commit_memory(char*, unsigned long, unsigned long, bool)+0x29
V  [libjvm.so+0x9272ba]  os::commit_memory(char*, unsigned long, unsigned long, bool)+0x2a
V  [libjvm.so+0xacde89]  VirtualSpace::expand_by(unsigned long, bool)+0x199
V  [libjvm.so+0x6005a5]  OneContigSpaceCardGeneration::grow_by(unsigned long)+0x25
V  [libjvm.so+0x60096f]  CardGeneration::expand(unsigned long, unsigned long)+0x6f
V  [libjvm.so+0x600a1e]  OneContigSpaceCardGeneration::expand(unsigned long, unsigned long)+0x3e
V  [libjvm.so+0x6006f8]  OneContigSpaceCardGeneration::expand_and_allocate(unsigned long, bool, bool)+0xc8
V  [libjvm.so+0x48c6a4]  GenCollectorPolicy::expand_heap_and_allocate(unsigned long, bool)+0xc4
V  [libjvm.so+0x48d352]  GenCollectorPolicy::satisfy_failed_allocation(unsigned long, bool)+0x162
V  [libjvm.so+0xad31c4]  VM_GenCollectForAllocation::doit()+0x94
V  [libjvm.so+0xadb745]  VM_Operation::evaluate()+0x55
V  [libjvm.so+0xad9b0a]  VMThread::evaluate_operation(VM_Operation*)+0xba
V  [libjvm.so+0xad9e8e]  VMThread::loop()+0x1ce
V  [libjvm.so+0xada300]  VMThread::run()+0x70
V  [libjvm.so+0x930198]  java_start(Thread*)+0x108

VM_Operation (0x00007f6f9d7c62c0): GenCollectForAllocation, mode: safepoint, requested by thread 0x000000000192d800


---------------  P R O C E S S  ---------------

Java Threads: ( => current thread )
  0x00007f6f98011000 JavaThread "communication thread" daemon [_thread_blocked, id=12263, stack(0x00007f6f9d5c6000,0x00007f6f9d6c7000)]
  0x000000000192d800 JavaThread "LocalJobRunner Map Task Executor #0" [_thread_blocked, id=12262, stack(0x00007f6f9d6c7000,0x00007f6f9d7c8000)]
  0x00007f6fb5441000 JavaThread "Thread-6" [_thread_blocked, id=12261, stack(0x00007f6f9d7c8000,0x00007f6f9d8c9000)]
  0x00007f6fb52bc000 JavaThread "IPC Parameter Sending Thread #0" daemon [_thread_blocked, id=12260, stack(0x00007f6f9e13e000,0x00007f6f9e23f000)]
  0x00007f6fb529c800 JavaThread "IPC Client (464064894) connection to localhost/127.0.0.1:9000 from ubuntu" daemon [_thread_blocked, id=12259, stack(0x00007f6f9e23f000,0x00007f6f9e340000)]
  0x00007f6fb523b800 JavaThread "client DomainSocketWatcher" daemon [_thread_in_native, id=12258, stack(0x00007f6f9eb83000,0x00007f6f9ec84000)]
  0x00007f6fb505e000 JavaThread "org.apache.hadoop.fs.FileSystem$Statistics$StatisticsDataReferenceCleaner" daemon [_thread_blocked, id=12257, stack(0x00007f6f9f8bb000,0x00007f6f9f9bc000)]
  0x00007f6fb4f4c000 JavaThread "process reaper" daemon [_thread_blocked, id=12255, stack(0x00007f6f9f9bc000,0x00007f6f9f9f5000)]
  0x00007f6fb40bc000 JavaThread "Service Thread" daemon [_thread_blocked, id=12252, stack(0x00007f6fa4538000,0x00007f6fa4639000)]
  0x00007f6fb40b8800 JavaThread "C1 CompilerThread1" daemon [_thread_blocked, id=12251, stack(0x00007f6fa4639000,0x00007f6fa473a000)]
  0x00007f6fb40b6800 JavaThread "C2 CompilerThread0" daemon [_thread_blocked, id=12250, stack(0x00007f6fa473a000,0x00007f6fa483b000)]
  0x00007f6fb40b5000 JavaThread "Signal Dispatcher" daemon [_thread_blocked, id=12249, stack(0x00007f6fa483b000,0x00007f6fa493c000)]
  0x00007f6fb4082000 JavaThread "Finalizer" daemon [_thread_blocked, id=12248, stack(0x00007f6fa4ad4000,0x00007f6fa4bd5000)]
  0x00007f6fb407f800 JavaThread "Reference Handler" daemon [_thread_blocked, id=12247, stack(0x00007f6fa4bd5000,0x00007f6fa4cd6000)]
  0x00007f6fb4011000 JavaThread "main" [_thread_blocked, id=12245, stack(0x00007f6fbbc67000,0x00007f6fbbd68000)]

Other Threads:
=>0x00007f6fb4076000 VMThread [stack: 0x00007f6fa4cd6000,0x00007f6fa4dd7000] [id=12246]
  0x00007f6fb40c5800 WatcherThread [stack: 0x00007f6fa4437000,0x00007f6fa4538000] [id=12253]

VM state:at safepoint (normal execution)

VM Mutex/Monitor currently owned by a thread:  ([mutex/lock_event])
[0x00007f6fb400d9b0] Threads_lock - owner thread: 0x00007f6fb4076000
[0x00007f6fb400deb0] Heap_lock - owner thread: 0x000000000192d800

Heap:
 def new generation   total 5824K, used 0K [0x00000000e0000000, 0x00000000e0650000, 0x00000000eaaa0000)
  eden space 5184K,   0% used [0x00000000e0000000, 0x00000000e0000000, 0x00000000e0510000)
  from space 640K,   0% used [0x00000000e0510000, 0x00000000e0510000, 0x00000000e05b0000)
  to   space 640K,   0% used [0x00000000e05b0000, 0x00000000e05b0000, 0x00000000e0650000)
 tenured generation   total 12868K, used 7718K [0x00000000eaaa0000, 0x00000000eb731000, 0x0000000100000000)
   the space 12868K,  59% used [0x00000000eaaa0000, 0x00000000eb229bf0, 0x00000000eb229c00, 0x00000000eb731000)
 Metaspace       used 24728K, capacity 24958K, committed 25344K, reserved 1071104K
  class space    used 2884K, capacity 2972K, committed 3072K, reserved 1048576K

Card table byte_map: [0x00007f6fb88e4000,0x00007f6fb89e5000] byte_map_base: 0x00007f6fb81e4000

Polling page: 0x00007f6fbbd73000

CodeCache: size=245760Kb used=6768Kb max_used=6787Kb free=238991Kb
 bounds [0x00007f6fa5000000, 0x00007f6fa56b0000, 0x00007f6fb4000000]
 total_blobs=2346 nmethods=1888 adapters=372
 compilation: enabled

Compilation events (10 events):
Event: 3.820 Thread 0x00007f6fb40b8800 1915       2       sun.net.www.MessageHeader::grow (92 bytes)
Event: 3.820 Thread 0x00007f6fb40b8800 nmethod 1915 0x00007f6fa569fc90 code [0x00007f6fa569fe20, 0x00007f6fa56a0250]
Event: 3.821 Thread 0x00007f6fb40b6800 nmethod 1884 0x00007f6fa56a0390 code [0x00007f6fa56a06c0, 0x00007f6fa56a35b0]
Event: 3.821 Thread 0x00007f6fb40b6800 1880       4       java.lang.String::trim (77 bytes)
Event: 3.823 Thread 0x00007f6fb40b6800 nmethod 1880 0x00007f6fa5696010 code [0x00007f6fa5696160, 0x00007f6fa56962a8]
Event: 3.823 Thread 0x00007f6fb40b6800 1906       4       java.lang.String::endsWith (17 bytes)
Event: 3.828 Thread 0x00007f6fb40b6800 nmethod 1906 0x00007f6fa5697510 code [0x00007f6fa5697660, 0x00007f6fa5697798]
Event: 3.828 Thread 0x00007f6fb40b6800 1886       4       com.google.common.collect.Interners$CustomInterner::intern (50 bytes)
Event: 3.840 Thread 0x00007f6fb40b8800 1916   !   3       java.util.Collections$SynchronizedMap::put (28 bytes)
Event: 3.840 Thread 0x00007f6fb40b8800 nmethod 1916 0x00007f6fa5696e90 code [0x00007f6fa5697000, 0x00007f6fa56973a0]

GC Heap History (10 events):
Event: 3.671 GC heap before
{Heap before GC invocations=46 (full 1):
 def new generation   total 4992K, used 4609K [0x00000000e0000000, 0x00000000e0560000, 0x00000000eaaa0000)
  eden space 4480K, 100% used [0x00000000e0000000, 0x00000000e0460000, 0x00000000e0460000)
  from space 512K,  25% used [0x00000000e0460000, 0x00000000e04805d8, 0x00000000e04e0000)
  to   space 512K,   0% used [0x00000000e04e0000, 0x00000000e04e0000, 0x00000000e0560000)
 tenured generation   total 10944K, used 8582K [0x00000000eaaa0000, 0x00000000eb550000, 0x0000000100000000)
   the space 10944K,  78% used [0x00000000eaaa0000, 0x00000000eb301818, 0x00000000eb301a00, 0x00000000eb550000)
 Metaspace       used 24137K, capacity 24446K, committed 24704K, reserved 1071104K
  class space    used 2808K, capacity 2908K, committed 2944K, reserved 1048576K
Event: 3.673 GC heap after
Heap after GC invocations=47 (full 1):
 def new generation   total 4992K, used 249K [0x00000000e0000000, 0x00000000e0560000, 0x00000000eaaa0000)
  eden space 4480K,   0% used [0x00000000e0000000, 0x00000000e0000000, 0x00000000e0460000)
  from space 512K,  48% used [0x00000000e04e0000, 0x00000000e051e6f8, 0x00000000e0560000)
  to   space 512K,   0% used [0x00000000e0460000, 0x00000000e0460000, 0x00000000e04e0000)
 tenured generation   total 10944K, used 8582K [0x00000000eaaa0000, 0x00000000eb550000, 0x0000000100000000)
   the space 10944K,  78% used [0x00000000eaaa0000, 0x00000000eb301818, 0x00000000eb301a00, 0x00000000eb550000)
 Metaspace       used 24137K, capacity 24446K, committed 24704K, reserved 1071104K
  class space    used 2808K, capacity 2908K, committed 2944K, reserved 1048576K
}
Event: 3.714 GC heap before
{Heap before GC invocations=47 (full 1):
 def new generation   total 4992K, used 4724K [0x00000000e0000000, 0x00000000e0560000, 0x00000000eaaa0000)
  eden space 4480K,  99% used [0x00000000e0000000, 0x00000000e045e9e8, 0x00000000e0460000)
  from space 512K,  48% used [0x00000000e04e0000, 0x00000000e051e6f8, 0x00000000e0560000)
  to   space 512K,   0% used [0x00000000e0460000, 0x00000000e0460000, 0x00000000e04e0000)
 tenured generation   total 10944K, used 8582K [0x00000000eaaa0000, 0x00000000eb550000, 0x0000000100000000)
   the space 10944K,  78% used [0x00000000eaaa0000, 0x00000000eb301818, 0x00000000eb301a00, 0x00000000eb550000)
 Metaspace       used 24240K, capacity 24542K, committed 24704K, reserved 1071104K
  class space    used 2820K, capacity 2940K, committed 2944K, reserved 1048576K
Event: 3.716 GC heap after
Heap after GC invocations=48 (full 1):
 def new generation   total 4992K, used 451K [0x00000000e0000000, 0x00000000e0560000, 0x00000000eaaa0000)
  eden space 4480K,   0% used [0x00000000e0000000, 0x00000000e0000000, 0x00000000e0460000)
  from space 512K,  88% used [0x00000000e0460000, 0x00000000e04d0c28, 0x00000000e04e0000)
  to   space 512K,   0% used [0x00000000e04e0000, 0x00000000e04e0000, 0x00000000e0560000)
 tenured generation   total 10944K, used 8582K [0x00000000eaaa0000, 0x00000000eb550000, 0x0000000100000000)
   the space 10944K,  78% used [0x00000000eaaa0000, 0x00000000eb301818, 0x00000000eb301a00, 0x00000000eb550000)
 Metaspace       used 24240K, capacity 24542K, committed 24704K, reserved 1071104K
  class space    used 2820K, capacity 2940K, committed 2944K, reserved 1048576K
}
Event: 3.762 GC heap before
{Heap before GC invocations=48 (full 1):
 def new generation   total 4992K, used 4931K [0x00000000e0000000, 0x00000000e0560000, 0x00000000eaaa0000)
  eden space 4480K, 100% used [0x00000000e0000000, 0x00000000e0460000, 0x00000000e0460000)
  from space 512K,  88% used [0x00000000e0460000, 0x00000000e04d0c28, 0x00000000e04e0000)
  to   space 512K,   0% used [0x00000000e04e0000, 0x00000000e04e0000, 0x00000000e0560000)
 tenured generation   total 10944K, used 8582K [0x00000000eaaa0000, 0x00000000eb550000, 0x0000000100000000)
   the space 10944K,  78% used [0x00000000eaaa0000, 0x00000000eb301818, 0x00000000eb301a00, 0x00000000eb550000)
 Metaspace       used 24385K, capacity 24606K, committed 24704K, reserved 1071104K
  class space    used 2840K, capacity 2940K, committed 2944K, reserved 1048576K
Event: 3.764 GC heap after
Heap after GC invocations=49 (full 1):
 def new generation   total 4992K, used 181K [0x00000000e0000000, 0x00000000e0560000, 0x00000000eaaa0000)
  eden space 4480K,   0% used [0x00000000e0000000, 0x00000000e0000000, 0x00000000e0460000)
  from space 512K,  35% used [0x00000000e04e0000, 0x00000000e050d5d8, 0x00000000e0560000)
  to   space 512K,   0% used [0x00000000e0460000, 0x00000000e0460000, 0x00000000e04e0000)
 tenured generation   total 10944K, used 8818K [0x00000000eaaa0000, 0x00000000eb550000, 0x0000000100000000)
   the space 10944K,  80% used [0x00000000eaaa0000, 0x00000000eb33cbe8, 0x00000000eb33cc00, 0x00000000eb550000)
 Metaspace       used 24385K, capacity 24606K, committed 24704K, reserved 1071104K
  class space    used 2840K, capacity 2940K, committed 2944K, reserved 1048576K
}
Event: 3.832 GC heap before
{Heap before GC invocations=49 (full 1):
 def new generation   total 4992K, used 4661K [0x00000000e0000000, 0x00000000e0560000, 0x00000000eaaa0000)
  eden space 4480K, 100% used [0x00000000e0000000, 0x00000000e0460000, 0x00000000e0460000)
  from space 512K,  35% used [0x00000000e04e0000, 0x00000000e050d5d8, 0x00000000e0560000)
  to   space 512K,   0% used [0x00000000e0460000, 0x00000000e0460000, 0x00000000e04e0000)
 tenured generation   total 10944K, used 8818K [0x00000000eaaa0000, 0x00000000eb550000, 0x0000000100000000)
   the space 10944K,  80% used [0x00000000eaaa0000, 0x00000000eb33cbe8, 0x00000000eb33cc00, 0x00000000eb550000)
 Metaspace       used 24697K, capacity 24958K, committed 25344K, reserved 1071104K
  class space    used 2879K, capacity 2972K, committed 3072K, reserved 1048576K
Event: 3.834 GC heap after
Heap after GC invocations=50 (full 1):
 def new generation   total 4992K, used 339K [0x00000000e0000000, 0x00000000e0560000, 0x00000000eaaa0000)
  eden space 4480K,   0% used [0x00000000e0000000, 0x00000000e0000000, 0x00000000e0460000)
  from space 512K,  66% used [0x00000000e0460000, 0x00000000e04b4f70, 0x00000000e04e0000)
  to   space 512K,   0% used [0x00000000e04e0000, 0x00000000e04e0000, 0x00000000e0560000)
 tenured generation   total 10944K, used 8818K [0x00000000eaaa0000, 0x00000000eb550000, 0x0000000100000000)
   the space 10944K,  80% used [0x00000000eaaa0000, 0x00000000eb33cbe8, 0x00000000eb33cc00, 0x00000000eb550000)
 Metaspace       used 24697K, capacity 24958K, committed 25344K, reserved 1071104K
  class space    used 2879K, capacity 2972K, committed 3072K, reserved 1048576K
}
Event: 3.842 GC heap before
{Heap before GC invocations=50 (full 1):
 def new generation   total 4992K, used 910K [0x00000000e0000000, 0x00000000e0560000, 0x00000000eaaa0000)
  eden space 4480K,  12% used [0x00000000e0000000, 0x00000000e008e9b0, 0x00000000e0460000)
  from space 512K,  66% used [0x00000000e0460000, 0x00000000e04b4f70, 0x00000000e04e0000)
  to   space 512K,   0% used [0x00000000e04e0000, 0x00000000e04e0000, 0x00000000e0560000)
 tenured generation   total 10944K, used 8818K [0x00000000eaaa0000, 0x00000000eb550000, 0x0000000100000000)
   the space 10944K,  80% used [0x00000000eaaa0000, 0x00000000eb33cbe8, 0x00000000eb33cc00, 0x00000000eb550000)
 Metaspace       used 24728K, capacity 24958K, committed 25344K, reserved 1071104K
  class space    used 2884K, capacity 2972K, committed 3072K, reserved 1048576K
Event: 3.869 GC heap after
Heap after GC invocations=51 (full 2):
 def new generation   total 5824K, used 0K [0x00000000e0000000, 0x00000000e0650000, 0x00000000eaaa0000)
  eden space 5184K,   0% used [0x00000000e0000000, 0x00000000e0000000, 0x00000000e0510000)
  from space 640K,   0% used [0x00000000e0510000, 0x00000000e0510000, 0x00000000e05b0000)
  to   space 640K,   0% used [0x00000000e05b0000, 0x00000000e05b0000, 0x00000000e0650000)
 tenured generation   total 12868K, used 7718K [0x00000000eaaa0000, 0x00000000eb731000, 0x0000000100000000)
   the space 12868K,  59% used [0x00000000eaaa0000, 0x00000000eb229bf0, 0x00000000eb229c00, 0x00000000eb731000)
 Metaspace       used 24728K, capacity 24958K, committed 25344K, reserved 1071104K
  class space    used 2884K, capacity 2972K, committed 3072K, reserved 1048576K
}

Deoptimization events (10 events):
Event: 2.770 Thread 0x00007f6fb4011000 Uncommon trap: reason=class_check action=maybe_recompile pc=0x00007f6fa5215fc4 method=java.util.jar.JarFile.getJarEntry(Ljava/lang/String;)Ljava/util/jar/JarEntry; @ 2
Event: 2.772 Thread 0x00007f6fb4011000 Uncommon trap: reason=class_check action=maybe_recompile pc=0x00007f6fa5215fc4 method=java.util.jar.JarFile.getJarEntry(Ljava/lang/String;)Ljava/util/jar/JarEntry; @ 2
Event: 2.772 Thread 0x00007f6fb4011000 Uncommon trap: reason=class_check action=maybe_recompile pc=0x00007f6fa5215fc4 method=java.util.jar.JarFile.getJarEntry(Ljava/lang/String;)Ljava/util/jar/JarEntry; @ 2
Event: 2.773 Thread 0x00007f6fb4011000 Uncommon trap: reason=class_check action=maybe_recompile pc=0x00007f6fa5215fc4 method=java.util.jar.JarFile.getJarEntry(Ljava/lang/String;)Ljava/util/jar/JarEntry; @ 2
Event: 3.237 Thread 0x00007f6fb4011000 Uncommon trap: reason=unstable_if action=reinterpret pc=0x00007f6fa523730c method=sun.net.www.ParseUtil.encodePath(Ljava/lang/String;Z)Ljava/lang/String; @ 109
Event: 3.690 Thread 0x00007f6fb5441000 Uncommon trap: reason=predicate action=maybe_recompile pc=0x00007f6fa56678d0 method=java.util.LinkedList.toArray([Ljava/lang/Object;)[Ljava/lang/Object; @ 45
Event: 3.717 Thread 0x00007f6fb5441000 Uncommon trap: reason=array_check action=maybe_recompile pc=0x00007f6fa566714c method=java.util.LinkedList.toArray([Ljava/lang/Object;)[Ljava/lang/Object; @ 55
Event: 3.717 Thread 0x00007f6fb5441000 Uncommon trap: reason=array_check action=maybe_recompile pc=0x00007f6fa566714c method=java.util.LinkedList.toArray([Ljava/lang/Object;)[Ljava/lang/Object; @ 55
Event: 3.717 Thread 0x00007f6fb5441000 Uncommon trap: reason=array_check action=maybe_recompile pc=0x00007f6fa566714c method=java.util.LinkedList.toArray([Ljava/lang/Object;)[Ljava/lang/Object; @ 55
Event: 3.717 Thread 0x00007f6fb5441000 Uncommon trap: reason=array_check action=maybe_recompile pc=0x00007f6fa566714c method=java.util.LinkedList.toArray([Ljava/lang/Object;)[Ljava/lang/Object; @ 55

Classes redefined (0 events):
No events

Internal exceptions (10 events):
Event: 0.365 Thread 0x00007f6fb4011000 Exception <a 'java/lang/ClassNotFoundException': org/apache/log4j/AppenderSkeletonCustomizer> (0x00000000e0317d20) thrown at [/HUDSON/workspace/8-2-build-linux-amd64/jdk8u181/11358/hotspot/src/share/vm/classfile/systemDictionary.cpp, line 210]
Event: 0.371 Thread 0x00007f6fb4011000 Exception <a 'java/lang/ClassNotFoundException': org/apache/log4j/WriterAppenderCustomizer> (0x00000000e034e540) thrown at [/HUDSON/workspace/8-2-build-linux-amd64/jdk8u181/11358/hotspot/src/share/vm/classfile/systemDictionary.cpp, line 210]
Event: 0.380 Thread 0x00007f6fb4011000 Exception <a 'java/lang/ClassNotFoundException': org/apache/log4j/ConsoleAppenderCustomizer> (0x00000000e037d7a8) thrown at [/HUDSON/workspace/8-2-build-linux-amd64/jdk8u181/11358/hotspot/src/share/vm/classfile/systemDictionary.cpp, line 210]
Event: 0.435 Thread 0x00007f6fb4011000 Exception <a 'java/security/PrivilegedActionException'> (0x00000000e0079828) thrown at [/HUDSON/workspace/8-2-build-linux-amd64/jdk8u181/11358/hotspot/src/share/vm/prims/jvm.cpp, line 1435]
Event: 0.435 Thread 0x00007f6fb4011000 Exception <a 'java/security/PrivilegedActionException'> (0x00000000e0079a38) thrown at [/HUDSON/workspace/8-2-build-linux-amd64/jdk8u181/11358/hotspot/src/share/vm/prims/jvm.cpp, line 1435]
Event: 1.250 Thread 0x00007f6fb4011000 Exception <a 'java/lang/NoSuchFieldError': method resolution failed> (0x00000000e0222e20) thrown at [/HUDSON/workspace/8-2-build-linux-amd64/jdk8u181/11358/hotspot/src/share/vm/prims/methodHandles.cpp, line 1167]
Event: 1.252 Thread 0x00007f6fb4011000 Exception <a 'java/lang/NoSuchFieldError': method resolution failed> (0x00000000e02304e0) thrown at [/HUDSON/workspace/8-2-build-linux-amd64/jdk8u181/11358/hotspot/src/share/vm/prims/methodHandles.cpp, line 1167]
Event: 1.309 Thread 0x00007f6fb4011000 Exception <a 'java/io/FileNotFoundException'> (0x00000000e0385280) thrown at [/HUDSON/workspace/8-2-build-linux-amd64/jdk8u181/11358/hotspot/src/share/vm/prims/jni.cpp, line 709]
Event: 1.309 Thread 0x00007f6fb4011000 Exception <a 'java/security/PrivilegedActionException'> (0x00000000e03856e8) thrown at [/HUDSON/workspace/8-2-build-linux-amd64/jdk8u181/11358/hotspot/src/share/vm/prims/jvm.cpp, line 1435]
Event: 1.309 Thread 0x00007f6fb4011000 Exception <a 'java/lang/reflect/InvocationTargetException'> (0x00000000e03877a8) thrown at [/HUDSON/workspace/8-2-build-linux-amd64/jdk8u181/11358/hotspot/src/share/vm/runtime/reflection.cpp, line 1092]

Events (10 events):
Event: 3.840 loading class org/apache/hadoop/mapred/MapTask$MapOutputBuffer$Buffer done
Event: 3.841 loading class org/apache/hadoop/mapred/MapTask$MapOutputBuffer$SpillThread
Event: 3.841 loading class org/apache/hadoop/mapred/MapTask$MapOutputBuffer$SpillThread done
Event: 3.841 loading class org/apache/hadoop/util/QuickSort
Event: 3.841 loading class org/apache/hadoop/util/QuickSort done
Event: 3.842 loading class org/apache/hadoop/util/IndexedSorter
Event: 3.842 loading class org/apache/hadoop/util/IndexedSorter done
Event: 3.842 loading class org/apache/hadoop/util/HeapSort
Event: 3.842 loading class org/apache/hadoop/util/HeapSort done
Event: 3.842 Executing VM operation: GenCollectForAllocation


Dynamic libraries:
00400000-00401000 r-xp 00000000 ca:01 258212                             /usr/lib/jvm/java-8-oracle/bin/java
00600000-00601000 rw-p 00000000 ca:01 258212                             /usr/lib/jvm/java-8-oracle/bin/java
01913000-01934000 rw-p 00000000 00:00 0                                  [heap]
e0000000-e0650000 rw-p 00000000 00:00 0 
e0650000-eaaa0000 ---p 00000000 00:00 0 
eaaa0000-eb731000 rw-p 00000000 00:00 0 
f1b32000-100000000 ---p 00000000 00:00 0 
100000000-100300000 rw-p 00000000 00:00 0 
100300000-140000000 ---p 00000000 00:00 0 
7f6f94fff000-7f6f98000000 rw-p 00000000 00:00 0 
7f6f98000000-7f6f9802d000 rw-p 00000000 00:00 0 
7f6f9802d000-7f6f9c000000 ---p 00000000 00:00 0 
7f6f9d4c5000-7f6f9d4c8000 ---p 00000000 00:00 0 
7f6f9d4c8000-7f6f9d5c6000 rw-p 00000000 00:00 0 
7f6f9d5c6000-7f6f9d5c9000 ---p 00000000 00:00 0 
7f6f9d5c9000-7f6f9d6c7000 rw-p 00000000 00:00 0 
7f6f9d6c7000-7f6f9d6ca000 ---p 00000000 00:00 0 
7f6f9d6ca000-7f6f9d7c8000 rw-p 00000000 00:00 0 
7f6f9d7c8000-7f6f9d7cb000 ---p 00000000 00:00 0 
7f6f9d7cb000-7f6f9d8c9000 rw-p 00000000 00:00 0 
7f6f9d8c9000-7f6f9d8ce000 r--s 002f9000 ca:01 259710                     /usr/lib/jvm/java-8-oracle/jre/lib/charsets.jar
7f6f9d8ce000-7f6f9d8e1000 r--s 00345000 ca:01 259750                     /usr/lib/jvm/java-8-oracle/jre/lib/resources.jar
7f6f9d8e1000-7f6f9daa1000 rw-p 00000000 00:00 0 
7f6f9daa1000-7f6f9dae1000 ---p 00000000 00:00 0 
7f6f9dae1000-7f6f9daf7000 r-xp 00000000 ca:01 1989                       /lib/x86_64-linux-gnu/libgcc_s.so.1
7f6f9daf7000-7f6f9dcf6000 ---p 00016000 ca:01 1989                       /lib/x86_64-linux-gnu/libgcc_s.so.1
7f6f9dcf6000-7f6f9dcf7000 rw-p 00015000 ca:01 1989                       /lib/x86_64-linux-gnu/libgcc_s.so.1
7f6f9dcf7000-7f6f9dd29000 r-xp 00000000 ca:01 259879                     /usr/lib/jvm/java-8-oracle/jre/lib/amd64/libsunec.so
7f6f9dd29000-7f6f9df28000 ---p 00032000 ca:01 259879                     /usr/lib/jvm/java-8-oracle/jre/lib/amd64/libsunec.so
7f6f9df28000-7f6f9df2e000 rw-p 00031000 ca:01 259879                     /usr/lib/jvm/java-8-oracle/jre/lib/amd64/libsunec.so
7f6f9df2e000-7f6f9e13e000 rw-p 00000000 00:00 0 
7f6f9e13e000-7f6f9e141000 ---p 00000000 00:00 0 
7f6f9e141000-7f6f9e23f000 rw-p 00000000 00:00 0 
7f6f9e23f000-7f6f9e242000 ---p 00000000 00:00 0 
7f6f9e242000-7f6f9e340000 rw-p 00000000 00:00 0 
7f6f9e340000-7f6f9e351000 r-xp 00000000 ca:01 259931                     /usr/lib/jvm/java-8-oracle/jre/lib/amd64/libnio.so
7f6f9e351000-7f6f9e550000 ---p 00011000 ca:01 259931                     /usr/lib/jvm/java-8-oracle/jre/lib/amd64/libnio.so
7f6f9e550000-7f6f9e551000 rw-p 00010000 ca:01 259931                     /usr/lib/jvm/java-8-oracle/jre/lib/amd64/libnio.so
7f6f9e551000-7f6f9e568000 r-xp 00000000 ca:01 1998                       /lib/x86_64-linux-gnu/libresolv-2.23.so
7f6f9e568000-7f6f9e768000 ---p 00017000 ca:01 1998                       /lib/x86_64-linux-gnu/libresolv-2.23.so
7f6f9e768000-7f6f9e769000 r--p 00017000 ca:01 1998                       /lib/x86_64-linux-gnu/libresolv-2.23.so
7f6f9e769000-7f6f9e76a000 rw-p 00018000 ca:01 1998                       /lib/x86_64-linux-gnu/libresolv-2.23.so
7f6f9e76a000-7f6f9e76c000 rw-p 00000000 00:00 0 
7f6f9e76c000-7f6f9e771000 r-xp 00000000 ca:01 2004                       /lib/x86_64-linux-gnu/libnss_dns-2.23.so
7f6f9e771000-7f6f9e971000 ---p 00005000 ca:01 2004                       /lib/x86_64-linux-gnu/libnss_dns-2.23.so
7f6f9e971000-7f6f9e972000 r--p 00005000 ca:01 2004                       /lib/x86_64-linux-gnu/libnss_dns-2.23.so
7f6f9e972000-7f6f9e973000 rw-p 00006000 ca:01 2004                       /lib/x86_64-linux-gnu/libnss_dns-2.23.so
7f6f9e975000-7f6f9e97a000 r--s 0003f000 ca:01 259781                     /usr/lib/jvm/java-8-oracle/jre/lib/ext/sunjce_provider.jar
7f6f9e97a000-7f6f9e97c000 r--s 00009000 ca:01 259771                     /usr/lib/jvm/java-8-oracle/jre/lib/ext/sunec.jar
7f6f9e97c000-7f6f9e980000 r--s 0003a000 ca:01 259778                     /usr/lib/jvm/java-8-oracle/jre/lib/ext/sunpkcs11.jar
7f6f9e980000-7f6f9e983000 r--s 0001a000 ca:01 259944                     /usr/lib/jvm/java-8-oracle/jre/lib/jce.jar
7f6f9e983000-7f6f9eb83000 rw-p 00000000 00:00 0 
7f6f9eb83000-7f6f9eb86000 ---p 00000000 00:00 0 
7f6f9eb86000-7f6f9ee84000 rw-p 00000000 00:00 0 
7f6f9ee84000-7f6f9ee9a000 r-xp 00000000 ca:01 259928                     /usr/lib/jvm/java-8-oracle/jre/lib/amd64/libnet.so
7f6f9ee9a000-7f6f9f09a000 ---p 00016000 ca:01 259928                     /usr/lib/jvm/java-8-oracle/jre/lib/amd64/libnet.so
7f6f9f09a000-7f6f9f09b000 rw-p 00016000 ca:01 259928                     /usr/lib/jvm/java-8-oracle/jre/lib/amd64/libnet.so
7f6f9f09b000-7f6f9f29b000 rw-p 00000000 00:00 0 
7f6f9f29b000-7f6f9f49b000 rw-p 00000000 00:00 0 
7f6f9f49b000-7f6f9f49c000 r-xp 00000000 ca:01 259913                     /usr/lib/jvm/java-8-oracle/jre/lib/amd64/libjaas_unix.so
7f6f9f49c000-7f6f9f69b000 ---p 00001000 ca:01 259913                     /usr/lib/jvm/java-8-oracle/jre/lib/amd64/libjaas_unix.so
7f6f9f69b000-7f6f9f69c000 rw-p 00000000 ca:01 259913                     /usr/lib/jvm/java-8-oracle/jre/lib/amd64/libjaas_unix.so
7f6f9f69c000-7f6f9f6ba000 r-xp 00000000 ca:01 283234                     /home/ubuntu/hadoop-2.7.6/lib/native/libhadoop.so.1.0.0
7f6f9f6ba000-7f6f9f8ba000 ---p 0001e000 ca:01 283234                     /home/ubuntu/hadoop-2.7.6/lib/native/libhadoop.so.1.0.0
7f6f9f8ba000-7f6f9f8bb000 rw-p 0001e000 ca:01 283234                     /home/ubuntu/hadoop-2.7.6/lib/native/libhadoop.so.1.0.0
7f6f9f8bb000-7f6f9f8be000 ---p 00000000 00:00 0 
7f6f9f8be000-7f6f9f9bc000 rw-p 00000000 00:00 0 
7f6f9f9bc000-7f6f9f9bf000 ---p 00000000 00:00 0 
7f6f9f9bf000-7f6f9fbf5000 rw-p 00000000 00:00 0 
7f6f9fbf5000-7f6f9fbfe000 r-xp 00000000 ca:01 259936                     /usr/lib/jvm/java-8-oracle/jre/lib/amd64/libmanagement.so
7f6f9fbfe000-7f6f9fdfd000 ---p 00009000 ca:01 259936                     /usr/lib/jvm/java-8-oracle/jre/lib/amd64/libmanagement.so
7f6f9fdfd000-7f6f9fdfe000 rw-p 00008000 ca:01 259936                     /usr/lib/jvm/java-8-oracle/jre/lib/amd64/libmanagement.so
7f6f9fdfe000-7f6f9fdff000 r--s 00000000 ca:01 284391                     /home/ubuntu/hadoop-2.7.6/wc.jar
7f6f9fdff000-7f6f9fe78000 r--s 010f9000 ca:01 258319                     /usr/lib/jvm/java-8-oracle/lib/tools.jar
7f6f9fe78000-7f6f9fe7d000 r--s 00044000 ca:01 517211                     /home/ubuntu/hadoop-2.7.6/share/hadoop/mapreduce/hadoop-mapreduce-examples-2.7.6.jar
7f6f9fe7d000-7f6f9fe80000 r--s 0002c000 ca:01 517214                     /home/ubuntu/hadoop-2.7.6/share/hadoop/mapreduce/hadoop-mapreduce-client-hs-2.7.6.jar
7f6f9fe80000-7f6f9fe82000 r--s 0000e000 ca:01 517216                     /home/ubuntu/hadoop-2.7.6/share/hadoop/mapreduce/hadoop-mapreduce-client-jobclient-2.7.6.jar
7f6f9fe82000-7f6f9fe84000 r--s 00010000 ca:01 517262                     /home/ubuntu/hadoop-2.7.6/share/hadoop/mapreduce/hadoop-mapreduce-client-shuffle-2.7.6.jar
7f6f9fe84000-7f6f9fe9c000 r--s 00165000 ca:01 517258                     /home/ubuntu/hadoop-2.7.6/share/hadoop/mapreduce/hadoop-mapreduce-client-core-2.7.6.jar
7f6f9fe9c000-7f6f9feb3000 r--s 00167000 ca:01 517212                     /home/ubuntu/hadoop-2.7.6/share/hadoop/mapreduce/hadoop-mapreduce-client-jobclient-2.7.6-tests.jar
7f6f9feb3000-7f6f9fec0000 r--s 000b1000 ca:01 517213                     /home/ubuntu/hadoop-2.7.6/share/hadoop/mapreduce/hadoop-mapreduce-client-common-2.7.6.jar
7f6f9fec0000-7f6f9feca000 r--s 0007c000 ca:01 517261                     /home/ubuntu/hadoop-2.7.6/share/hadoop/mapreduce/hadoop-mapreduce-client-app-2.7.6.jar
7f6f9feca000-7f6f9fecb000 r--s 00006000 ca:01 517215                     /home/ubuntu/hadoop-2.7.6/share/hadoop/mapreduce/hadoop-mapreduce-client-hs-plugins-2.7.6.jar
7f6f9fecb000-7f6f9fedd000 r--s 0009d000 ca:01 517221                     /home/ubuntu/hadoop-2.7.6/share/hadoop/mapreduce/lib/jersey-server-1.9.jar
7f6f9fedd000-7f6f9fee1000 r--s 0002a000 ca:01 517229                     /home/ubuntu/hadoop-2.7.6/share/hadoop/mapreduce/lib/commons-io-2.4.jar
7f6f9fee1000-7f6f9fef8000 r--s 0010e000 ca:01 517238                     /home/ubuntu/hadoop-2.7.6/share/hadoop/mapreduce/lib/netty-3.6.2.Final.jar
7f6f9fef8000-7f6f9fefa000 r--s 00009000 ca:01 517235                     /home/ubuntu/hadoop-2.7.6/share/hadoop/mapreduce/lib/hadoop-annotations-2.7.6.jar
7f6f9fefa000-7f6f9ff02000 r--s 0007b000 ca:01 517220                     /home/ubuntu/hadoop-2.7.6/share/hadoop/mapreduce/lib/protobuf-java-2.5.0.jar
7f6f9ff02000-7f6f9ff04000 r--s 0000e000 ca:01 517226                     /home/ubuntu/hadoop-2.7.6/share/hadoop/mapreduce/lib/guice-servlet-3.0.jar
7f6f9ff04000-7f6f9ff06000 r--s 000f2000 ca:01 517234                     /home/ubuntu/hadoop-2.7.6/share/hadoop/mapreduce/lib/snappy-java-1.0.4.1.jar
7f6f9ff06000-7f6f9ff0a000 r--s 00014000 ca:01 517233                     /home/ubuntu/hadoop-2.7.6/share/hadoop/mapreduce/lib/xz-1.0.jar
7f6f9ff0a000-7f6f9ff0c000 r--s 00009000 ca:01 517228                     /home/ubuntu/hadoop-2.7.6/share/hadoop/mapreduce/lib/hamcrest-core-1.3.jar
7f6f9ff0c000-7f6f9ff0d000 r--s 0000a000 ca:01 517239                     /home/ubuntu/hadoop-2.7.6/share/hadoop/mapreduce/lib/asm-3.2.jar
7f6f9ff0d000-7f6f9ff11000 r--s 00035000 ca:01 517231                     /home/ubuntu/hadoop-2.7.6/share/hadoop/mapreduce/lib/jackson-core-asl-1.9.13.jar
7f6f9ff11000-7f6f9ff16000 r--s 00036000 ca:01 517218                     /home/ubuntu/hadoop-2.7.6/share/hadoop/mapreduce/lib/commons-compress-1.4.1.jar
7f6f9ff16000-7f6f9ff1d000 r--s 00044000 ca:01 517224                     /home/ubuntu/hadoop-2.7.6/share/hadoop/mapreduce/lib/avro-1.7.4.jar
7f6f9ff1d000-7f6f9ff26000 r--s 0006f000 ca:01 517227                     /home/ubuntu/hadoop-2.7.6/share/hadoop/mapreduce/lib/log4j-1.2.17.jar
7f6f9ff26000-7f6f9ff28000 r--s 00000000 ca:01 517240                     /home/ubuntu/hadoop-2.7.6/share/hadoop/mapreduce/lib/aopalliance-1.0.jar
7f6f9ff28000-7f6f9ff2a000 r--s 00006000 ca:01 517237                     /home/ubuntu/hadoop-2.7.6/share/hadoop/mapreduce/lib/paranamer-2.3.jar
7f6f9ff2a000-7f6f9ff38000 r--s 000b1000 ca:01 517223                     /home/ubuntu/hadoop-2.7.6/share/hadoop/mapreduce/lib/jackson-mapper-asl-1.9.13.jar
7f6f9ff38000-7f6f9ff3b000 r--s 000fd000 ca:01 517225                     /home/ubuntu/hadoop-2.7.6/share/hadoop/mapreduce/lib/leveldbjni-all-1.8.jar
7f6f9ff3b000-7f6f9ff41000 r--s 00036000 ca:01 517236                     /home/ubuntu/hadoop-2.7.6/share/hadoop/mapreduce/lib/junit-4.11.jar
7f6f9ff41000-7f6f9ff42000 r--s 00000000 ca:01 517232                     /home/ubuntu/hadoop-2.7.6/share/hadoop/mapreduce/lib/javax.inject-1.jar
7f6f9ff42000-7f6f9ff43000 r--s 00003000 ca:01 517230                     /home/ubuntu/hadoop-2.7.6/share/hadoop/mapreduce/lib/jersey-guice-1.9.jar
7f6f9ff43000-7f6f9ff52000 r--s 0009f000 ca:01 517219                     /home/ubuntu/hadoop-2.7.6/share/hadoop/mapreduce/lib/guice-3.0.jar
7f6f9ff52000-7f6f9ff5c000 r--s 00066000 ca:01 517222                     /home/ubuntu/hadoop-2.7.6/share/hadoop/mapreduce/lib/jersey-core-1.9.jar
7f6f9ff5c000-7f6f9ff72000 r--s 00126000 ca:01 517266                     /home/ubuntu/hadoop-2.7.6/share/hadoop/yarn/hadoop-yarn-server-resourcemanager-2.7.6.jar
7f6f9ff72000-7f6f9ff74000 r--s 0000d000 ca:01 517337                     /home/ubuntu/hadoop-2.7.6/share/hadoop/yarn/hadoop-yarn-server-web-proxy-2.7.6.jar
7f6f9ff74000-7f6f9ff82000 r--s 000a2000 ca:01 517264                     /home/ubuntu/hadoop-2.7.6/share/hadoop/yarn/hadoop-yarn-server-nodemanager-2.7.6.jar
7f6f9ff82000-7f6f9ff86000 r--s 00032000 ca:01 517267                     /home/ubuntu/hadoop-2.7.6/share/hadoop/yarn/hadoop-yarn-server-applicationhistoryservice-2.7.6.jar
7f6f9ff86000-7f6f9ff89000 r--s 00026000 ca:01 517311                     /home/ubuntu/hadoop-2.7.6/share/hadoop/yarn/hadoop-yarn-client-2.7.6.jar
7f6f9ff89000-7f6f9ff90000 r--s 00058000 ca:01 517265                     /home/ubuntu/hadoop-2.7.6/share/hadoop/yarn/hadoop-yarn-server-common-2.7.6.jar
7f6f9ff90000-7f6f9ff93000 r--s 0001b000 ca:01 517336                     /home/ubuntu/hadoop-2.7.6/share/hadoop/yarn/hadoop-yarn-registry-2.7.6.jar
7f6f9ff93000-7f6f9ff95000 r--s 0000e000 ca:01 517270                     /home/ubuntu/hadoop-2.7.6/share/hadoop/yarn/hadoop-yarn-server-tests-2.7.6.jar
7f6f9ff95000-7f6f9ff97000 r--s 00008000 ca:01 517338                     /home/ubuntu/hadoop-2.7.6/share/hadoop/yarn/hadoop-yarn-applications-unmanaged-am-launcher-2.7.6.jar
7f6f9ff97000-7f6f9ffb3000 r--s 001d6000 ca:01 517340                     /home/ubuntu/hadoop-2.7.6/share/hadoop/yarn/hadoop-yarn-api-2.7.6.jar
7f6f9ffb3000-7f6f9ffb5000 r--s 00011000 ca:01 517339                     /home/ubuntu/hadoop-2.7.6/share/hadoop/yarn/hadoop-yarn-server-sharedcachemanager-2.7.6.jar
7f6f9ffb5000-7f6f9ffcd000 r--s 00183000 ca:01 517271                     /home/ubuntu/hadoop-2.7.6/share/hadoop/yarn/hadoop-yarn-common-2.7.6.jar
7f6f9ffcd000-7f6f9ffdf000 r--s 0009d000 ca:01 517278                     /home/ubuntu/hadoop-2.7.6/share/hadoop/yarn/lib/jersey-server-1.9.jar
7f6f9ffdf000-7f6fa0000000 r--s 00172000 ca:01 517301                     /home/ubuntu/hadoop-2.7.6/share/hadoop/yarn/lib/guava-11.0.2.jar
7f6fa0000000-7f6fa0621000 rw-p 00000000 00:00 0 
7f6fa0621000-7f6fa4000000 ---p 00000000 00:00 0 
7f6fa4000000-7f6fa4001000 r--s 00010000 ca:01 517335                     /home/ubuntu/hadoop-2.7.6/share/hadoop/yarn/hadoop-yarn-applications-distributedshell-2.7.6.jar
7f6fa4001000-7f6fa4003000 r--s 0000f000 ca:01 517276                     /home/ubuntu/hadoop-2.7.6/share/hadoop/yarn/lib/jettison-1.1.jar
7f6fa4003000-7f6fa4007000 r--s 00028000 ca:01 517288                     /home/ubuntu/hadoop-2.7.6/share/hadoop/yarn/lib/jetty-util-6.1.26.jar
7f6fa4007000-7f6fa4009000 r--s 0000e000 ca:01 517287                     /home/ubuntu/hadoop-2.7.6/share/hadoop/yarn/lib/activation-1.1.jar
7f6fa4009000-7f6fa400a000 r--s 00006000 ca:01 517282                     /home/ubuntu/hadoop-2.7.6/share/hadoop/yarn/lib/jackson-xc-1.9.13.jar
7f6fa400a000-7f6fa400e000 r--s 0002a000 ca:01 517286                     /home/ubuntu/hadoop-2.7.6/share/hadoop/yarn/lib/commons-io-2.4.jar
7f6fa400e000-7f6fa4015000 r--s 0007d000 ca:01 517309                     /home/ubuntu/hadoop-2.7.6/share/hadoop/yarn/lib/jetty-6.1.26.jar
7f6fa4015000-7f6fa402c000 r--s 0010e000 ca:01 517304                     /home/ubuntu/hadoop-2.7.6/share/hadoop/yarn/lib/netty-3.6.2.Final.jar
7f6fa402c000-7f6fa402e000 r--s 0000e000 ca:01 517297                     /home/ubuntu/hadoop-2.7.6/share/hadoop/yarn/lib/commons-logging-1.1.3.jar
7f6fa402e000-7f6fa4036000 r--s 0007b000 ca:01 517277                     /home/ubuntu/hadoop-2.7.6/share/hadoop/yarn/lib/protobuf-java-2.5.0.jar
7f6fa4036000-7f6fa403f000 r--s 0007b000 ca:01 517302                     /home/ubuntu/hadoop-2.7.6/share/hadoop/yarn/lib/zookeeper-3.4.6-tests.jar
7f6fa403f000-7f6fa4041000 r--s 0000e000 ca:01 517284                     /home/ubuntu/hadoop-2.7.6/share/hadoop/yarn/lib/guice-servlet-3.0.jar
7f6fa4041000-7f6fa4045000 r--s 00014000 ca:01 517299                     /home/ubuntu/hadoop-2.7.6/share/hadoop/yarn/lib/xz-1.0.jar
7f6fa4045000-7f6fa4052000 r--s 00083000 ca:01 517289                     /home/ubuntu/hadoop-2.7.6/share/hadoop/yarn/lib/commons-collections-3.2.2.jar
7f6fa4052000-7f6fa4054000 r--s 00004000 ca:01 517306                     /home/ubuntu/hadoop-2.7.6/share/hadoop/yarn/lib/stax-api-1.0-2.jar
7f6fa4054000-7f6fa4055000 r--s 0000a000 ca:01 517305                     /home/ubuntu/hadoop-2.7.6/share/hadoop/yarn/lib/asm-3.2.jar
7f6fa4055000-7f6fa4059000 r--s 00035000 ca:01 517292                     /home/ubuntu/hadoop-2.7.6/share/hadoop/yarn/lib/jackson-core-asl-1.9.13.jar
7f6fa4059000-7f6fa4065000 r--s 000b6000 ca:01 517290                     /home/ubuntu/hadoop-2.7.6/share/hadoop/yarn/lib/zookeeper-3.4.6.jar
7f6fa4065000-7f6fa4068000 r--s 0001d000 ca:01 517295                     /home/ubuntu/hadoop-2.7.6/share/hadoop/yarn/lib/jersey-client-1.9.jar
7f6fa4068000-7f6fa406a000 r--s 00009000 ca:01 517275                     /home/ubuntu/hadoop-2.7.6/share/hadoop/yarn/lib/commons-cli-1.2.jar
7f6fa406a000-7f6fa406f000 r--s 00041000 ca:01 517310                     /home/ubuntu/hadoop-2.7.6/share/hadoop/yarn/lib/commons-lang-2.6.jar
7f6fa406f000-7f6fa4074000 r--s 00036000 ca:01 517273                     /home/ubuntu/hadoop-2.7.6/share/hadoop/yarn/lib/commons-compress-1.4.1.jar
7f6fa4074000-7f6fa4077000 r--s 00017000 ca:01 517300                     /home/ubuntu/hadoop-2.7.6/share/hadoop/yarn/lib/jaxb-api-2.2.2.jar
7f6fa4077000-7f6fa408a000 r--s 000c7000 ca:01 517293                     /home/ubuntu/hadoop-2.7.6/share/hadoop/yarn/lib/jaxb-impl-2.2.3-1.jar
7f6fa408a000-7f6fa4093000 r--s 0006f000 ca:01 517285                     /home/ubuntu/hadoop-2.7.6/share/hadoop/yarn/lib/log4j-1.2.17.jar
7f6fa4093000-7f6fa4095000 r--s 00000000 ca:01 517307                     /home/ubuntu/hadoop-2.7.6/share/hadoop/yarn/lib/aopalliance-1.0.jar
7f6fa4095000-7f6fa4096000 r--s 00004000 ca:01 517303                     /home/ubuntu/hadoop-2.7.6/share/hadoop/yarn/lib/jackson-jaxrs-1.9.13.jar
7f6fa4096000-7f6fa40a4000 r--s 000b1000 ca:01 517280                     /home/ubuntu/hadoop-2.7.6/share/hadoop/yarn/lib/jackson-mapper-asl-1.9.13.jar
7f6fa40a4000-7f6fa40a7000 r--s 000fd000 ca:01 517283                     /home/ubuntu/hadoop-2.7.6/share/hadoop/yarn/lib/leveldbjni-all-1.8.jar
7f6fa40a7000-7f6fa40aa000 r--s 00006000 ca:01 517298                     /home/ubuntu/hadoop-2.7.6/share/hadoop/yarn/lib/jsr305-3.0.0.jar
7f6fa40aa000-7f6fa40ac000 r--s 0000d000 ca:01 517308                     /home/ubuntu/hadoop-2.7.6/share/hadoop/yarn/lib/commons-codec-1.4.jar
7f6fa40ac000-7f6fa40b0000 r--s 00021000 ca:01 517281                     /home/ubuntu/hadoop-2.7.6/share/hadoop/yarn/lib/jersey-json-1.9.jar
7f6fa40b0000-7f6fa40b2000 r--s 00018000 ca:01 517296                     /home/ubuntu/hadoop-2.7.6/share/hadoop/yarn/lib/servlet-api-2.5.jar
7f6fa40b2000-7f6fa40b3000 r--s 00000000 ca:01 517294                     /home/ubuntu/hadoop-2.7.6/share/hadoop/yarn/lib/javax.inject-1.jar
7f6fa40b3000-7f6fa40b4000 r--s 00003000 ca:01 517291                     /home/ubuntu/hadoop-2.7.6/share/hadoop/yarn/lib/jersey-guice-1.9.jar
7f6fa40b4000-7f6fa40c3000 r--s 0009f000 ca:01 517274                     /home/ubuntu/hadoop-2.7.6/share/hadoop/yarn/lib/guice-3.0.jar
7f6fa40c3000-7f6fa40cd000 r--s 00066000 ca:01 517279                     /home/ubuntu/hadoop-2.7.6/share/hadoop/yarn/lib/jersey-core-1.9.jar
7f6fa40cd000-7f6fa4138000 r--s 0078f000 ca:01 517209                     /home/ubuntu/hadoop-2.7.6/share/hadoop/hdfs/hadoop-hdfs-2.7.6.jar
7f6fa4138000-7f6fa413b000 r--s 0001d000 ca:01 517170                     /home/ubuntu/hadoop-2.7.6/share/hadoop/hdfs/hadoop-hdfs-nfs-2.7.6.jar
7f6fa413b000-7f6fa4160000 r--s 00338000 ca:01 517206                     /home/ubuntu/hadoop-2.7.6/share/hadoop/hdfs/hadoop-hdfs-2.7.6-tests.jar
7f6fa4160000-7f6fa4172000 r--s 0009d000 ca:01 517176                     /home/ubuntu/hadoop-2.7.6/share/hadoop/hdfs/lib/jersey-server-1.9.jar
7f6fa4172000-7f6fa4176000 r--s 00028000 ca:01 517183                     /home/ubuntu/hadoop-2.7.6/share/hadoop/hdfs/lib/jetty-util-6.1.26.jar
7f6fa4176000-7f6fa4177000 r--s 00003000 ca:01 517178                     /home/ubuntu/hadoop-2.7.6/share/hadoop/hdfs/lib/xmlenc-0.52.jar
7f6fa4177000-7f6fa417b000 r--s 0002a000 ca:01 517182                     /home/ubuntu/hadoop-2.7.6/share/hadoop/hdfs/lib/commons-io-2.4.jar
7f6fa417b000-7f6fa4182000 r--s 0007d000 ca:01 517194                     /home/ubuntu/hadoop-2.7.6/share/hadoop/hdfs/lib/jetty-6.1.26.jar
7f6fa4182000-7f6fa418a000 r--s 00028000 ca:01 517172                     /home/ubuntu/hadoop-2.7.6/share/hadoop/hdfs/lib/xml-apis-1.3.04.jar
7f6fa418a000-7f6fa41ab000 r--s 00172000 ca:01 517189                     /home/ubuntu/hadoop-2.7.6/share/hadoop/hdfs/lib/guava-11.0.2.jar
7f6fa41ab000-7f6fa41c2000 r--s 0010e000 ca:01 517191                     /home/ubuntu/hadoop-2.7.6/share/hadoop/hdfs/lib/netty-3.6.2.Final.jar
7f6fa41c2000-7f6fa41c4000 r--s 0000e000 ca:01 517187                     /home/ubuntu/hadoop-2.7.6/share/hadoop/hdfs/lib/commons-logging-1.1.3.jar
7f6fa41c4000-7f6fa41cc000 r--s 0007b000 ca:01 517175                     /home/ubuntu/hadoop-2.7.6/share/hadoop/hdfs/lib/protobuf-java-2.5.0.jar
7f6fa41cc000-7f6fa41e9000 r--s 00196000 ca:01 517174                     /home/ubuntu/hadoop-2.7.6/share/hadoop/hdfs/lib/netty-all-4.0.23.Final.jar
7f6fa41e9000-7f6fa4202000 r--s 00150000 ca:01 517195                     /home/ubuntu/hadoop-2.7.6/share/hadoop/hdfs/lib/htrace-core-3.1.0-incubating.jar
7f6fa4202000-7f6fa421a000 r--s 00115000 ca:01 517185                     /home/ubuntu/hadoop-2.7.6/share/hadoop/hdfs/lib/xercesImpl-2.9.1.jar
7f6fa421a000-7f6fa421b000 r--s 0000a000 ca:01 517192                     /home/ubuntu/hadoop-2.7.6/share/hadoop/hdfs/lib/asm-3.2.jar
7f6fa421b000-7f6fa421f000 r--s 00035000 ca:01 517184                     /home/ubuntu/hadoop-2.7.6/share/hadoop/hdfs/lib/jackson-core-asl-1.9.13.jar
7f6fa421f000-7f6fa4221000 r--s 00009000 ca:01 517173                     /home/ubuntu/hadoop-2.7.6/share/hadoop/hdfs/lib/commons-cli-1.2.jar
7f6fa4221000-7f6fa4226000 r--s 00041000 ca:01 517196                     /home/ubuntu/hadoop-2.7.6/share/hadoop/hdfs/lib/commons-lang-2.6.jar
7f6fa4226000-7f6fa422f000 r--s 0006f000 ca:01 517181                     /home/ubuntu/hadoop-2.7.6/share/hadoop/hdfs/lib/log4j-1.2.17.jar
7f6fa422f000-7f6fa423d000 r--s 000b1000 ca:01 517179                     /home/ubuntu/hadoop-2.7.6/share/hadoop/hdfs/lib/jackson-mapper-asl-1.9.13.jar
7f6fa423d000-7f6fa4240000 r--s 000fd000 ca:01 517180                     /home/ubuntu/hadoop-2.7.6/share/hadoop/hdfs/lib/leveldbjni-all-1.8.jar
7f6fa4240000-7f6fa4243000 r--s 00006000 ca:01 517188                     /home/ubuntu/hadoop-2.7.6/share/hadoop/hdfs/lib/jsr305-3.0.0.jar
7f6fa4243000-7f6fa4245000 r--s 0000d000 ca:01 517193                     /home/ubuntu/hadoop-2.7.6/share/hadoop/hdfs/lib/commons-codec-1.4.jar
7f6fa4245000-7f6fa4247000 r--s 00018000 ca:01 517186                     /home/ubuntu/hadoop-2.7.6/share/hadoop/hdfs/lib/servlet-api-2.5.jar
7f6fa4247000-7f6fa4248000 r--s 00005000 ca:01 517190                     /home/ubuntu/hadoop-2.7.6/share/hadoop/hdfs/lib/commons-daemon-1.0.13.jar
7f6fa4248000-7f6fa4252000 r--s 00066000 ca:01 517177                     /home/ubuntu/hadoop-2.7.6/share/hadoop/hdfs/lib/jersey-core-1.9.jar
7f6fa4252000-7f6fa4257000 r--s 0009d000 ca:01 259769                     /usr/lib/jvm/java-8-oracle/jre/lib/jsse.jar
7f6fa4257000-7f6fa428e000 r--s 00321000 ca:01 516750                     /home/ubuntu/hadoop-2.7.6/share/hadoop/common/hadoop-common-2.7.6.jar
7f6fa428e000-7f6fa4292000 r--s 00029000 ca:01 516819                     /home/ubuntu/hadoop-2.7.6/share/hadoop/common/hadoop-nfs-2.7.6.jar
7f6fa4292000-7f6fa42b0000 r--s 001c7000 ca:01 516749                     /home/ubuntu/hadoop-2.7.6/share/hadoop/common/hadoop-common-2.7.6-tests.jar
7f6fa42b0000-7f6fa42b3000 r--s 00015000 ca:01 516790                     /home/ubuntu/hadoop-2.7.6/share/hadoop/common/lib/hadoop-auth-2.7.6.jar
7f6fa42b3000-7f6fa42b5000 r--s 0000f000 ca:01 516754                     /home/ubuntu/hadoop-2.7.6/share/hadoop/common/lib/jettison-1.1.jar
7f6fa42b5000-7f6fa42c7000 r--s 0009d000 ca:01 516762                     /home/ubuntu/hadoop-2.7.6/share/hadoop/common/lib/jersey-server-1.9.jar
7f6fa42c7000-7f6fa42cb000 r--s 00028000 ca:01 516782                     /home/ubuntu/hadoop-2.7.6/share/hadoop/common/lib/jetty-util-6.1.26.jar
7f6fa42cb000-7f6fa42cd000 r--s 0000e000 ca:01 516778                     /home/ubuntu/hadoop-2.7.6/share/hadoop/common/lib/activation-1.1.jar
7f6fa42cd000-7f6fa42ce000 r--s 00004000 ca:01 516756                     /home/ubuntu/hadoop-2.7.6/share/hadoop/common/lib/java-xmlbuilder-0.4.jar
7f6fa42ce000-7f6fa42cf000 r--s 00003000 ca:01 516766                     /home/ubuntu/hadoop-2.7.6/share/hadoop/common/lib/xmlenc-0.52.jar
7f6fa42cf000-7f6fa42d0000 r--s 00006000 ca:01 516772                     /home/ubuntu/hadoop-2.7.6/share/hadoop/common/lib/jackson-xc-1.9.13.jar
7f6fa42d0000-7f6fa42d4000 r--s 0002a000 ca:01 516776                     /home/ubuntu/hadoop-2.7.6/share/hadoop/common/lib/commons-io-2.4.jar
7f6fa42d4000-7f6fa42db000 r--s 0007d000 ca:01 516813                     /home/ubuntu/hadoop-2.7.6/share/hadoop/common/lib/jetty-6.1.26.jar
7f6fa42db000-7f6fa42fc000 r--s 00172000 ca:01 516800                     /home/ubuntu/hadoop-2.7.6/share/hadoop/common/lib/guava-11.0.2.jar
7f6fa42fc000-7f6fa4313000 r--s 0010e000 ca:01 516807                     /home/ubuntu/hadoop-2.7.6/share/hadoop/common/lib/netty-3.6.2.Final.jar
7f6fa4313000-7f6fa4315000 r--s 0000e000 ca:01 516792                     /home/ubuntu/hadoop-2.7.6/share/hadoop/common/lib/commons-logging-1.1.3.jar
7f6fa4315000-7f6fa4317000 r--s 00009000 ca:01 516801                     /home/ubuntu/hadoop-2.7.6/share/hadoop/common/lib/hadoop-annotations-2.7.6.jar
7f6fa4317000-7f6fa4320000 r--s 00061000 ca:01 516759                     /home/ubuntu/hadoop-2.7.6/share/hadoop/common/lib/httpclient-4.2.5.jar
7f6fa4320000-7f6fa4324000 r--s 0002f000 ca:01 516786                     /home/ubuntu/hadoop-2.7.6/share/hadoop/common/lib/commons-beanutils-core-1.8.0.jar
7f6fa4324000-7f6fa432c000 r--s 0007b000 ca:01 516761                     /home/ubuntu/hadoop-2.7.6/share/hadoop/common/lib/protobuf-java-2.5.0.jar
7f6fa432c000-7f6fa4332000 r--s 00045000 ca:01 516764                     /home/ubuntu/hadoop-2.7.6/share/hadoop/common/lib/commons-httpclient-3.1.jar
7f6fa4332000-7f6fa4334000 r--s 00012000 ca:01 516779                     /home/ubuntu/hadoop-2.7.6/share/hadoop/common/lib/api-util-1.0.0-M20.jar
7f6fa4334000-7f6fa4336000 r--s 000f2000 ca:01 516799                     /home/ubuntu/hadoop-2.7.6/share/hadoop/common/lib/snappy-java-1.0.4.1.jar
7f6fa4336000-7f6fa433a000 r--s 00014000 ca:01 516795                     /home/ubuntu/hadoop-2.7.6/share/hadoop/common/lib/xz-1.0.jar
7f6fa433a000-7f6fa4340000 r--s 00032000 ca:01 516802                     /home/ubuntu/hadoop-2.7.6/share/hadoop/common/lib/httpcore-4.2.5.jar
7f6fa4340000-7f6fa4341000 r--s 00004000 ca:01 516797                     /home/ubuntu/hadoop-2.7.6/share/hadoop/common/lib/jetty-sslengine-6.1.26.jar
7f6fa4341000-7f6fa435a000 r--s 00150000 ca:01 516814                     /home/ubuntu/hadoop-2.7.6/share/hadoop/common/lib/htrace-core-3.1.0-incubating.jar
7f6fa435a000-7f6fa4367000 r--s 00083000 ca:01 516783                     /home/ubuntu/hadoop-2.7.6/share/hadoop/common/lib/commons-collections-3.2.2.jar
7f6fa4367000-7f6fa4379000 r--s 00097000 ca:01 516811                     /home/ubuntu/hadoop-2.7.6/share/hadoop/common/lib/apacheds-kerberos-codec-2.0.0-M15.jar
7f6fa4379000-7f6fa437b000 r--s 00009000 ca:01 516775                     /home/ubuntu/hadoop-2.7.6/share/hadoop/common/lib/hamcrest-core-1.3.jar
7f6fa437b000-7f6fa4380000 r--s 0002a000 ca:01 516774                     /home/ubuntu/hadoop-2.7.6/share/hadoop/common/lib/gson-2.2.4.jar
7f6fa4380000-7f6fa4382000 r--s 00004000 ca:01 516810                     /home/ubuntu/hadoop-2.7.6/share/hadoop/common/lib/stax-api-1.0-2.jar
7f6fa4382000-7f6fa4383000 r--s 0000a000 ca:01 516809                     /home/ubuntu/hadoop-2.7.6/share/hadoop/common/lib/asm-3.2.jar
7f6fa4383000-7f6fa438b000 r--s 0003b000 ca:01 516798                     /home/ubuntu/hadoop-2.7.6/share/hadoop/common/lib/curator-recipes-2.7.1.jar
7f6fa438b000-7f6fa438c000 r--s 0000a000 ca:01 516781                     /home/ubuntu/hadoop-2.7.6/share/hadoop/common/lib/apacheds-i18n-2.0.0-M15.jar
7f6fa438c000-7f6fa438e000 r--s 00003000 ca:01 516760                     /home/ubuntu/hadoop-2.7.6/share/hadoop/common/lib/api-asn1-api-1.0.0-M20.jar
7f6fa438e000-7f6fa4392000 r--s 00035000 ca:01 516785                     /home/ubuntu/hadoop-2.7.6/share/hadoop/common/lib/jackson-core-asl-1.9.13.jar
7f6fa4392000-7f6fa439e000 r--s 000b6000 ca:01 516784                     /home/ubuntu/hadoop-2.7.6/share/hadoop/common/lib/zookeeper-3.4.6.jar
7f6fa439e000-7f6fa43bb000 r--s 0013e000 ca:01 516763                     /home/ubuntu/hadoop-2.7.6/share/hadoop/common/lib/mockito-all-1.8.5.jar
7f6fa43bb000-7f6fa43c1000 r--s 00043000 ca:01 516777                     /home/ubuntu/hadoop-2.7.6/share/hadoop/common/lib/commons-configuration-1.6.jar
7f6fa43c1000-7f6fa43c3000 r--s 00009000 ca:01 516753                     /home/ubuntu/hadoop-2.7.6/share/hadoop/common/lib/commons-cli-1.2.jar
7f6fa43c3000-7f6fa43c7000 r--s 00020000 ca:01 516758                     /home/ubuntu/hadoop-2.7.6/share/hadoop/common/lib/commons-digester-1.8.jar
7f6fa43c7000-7f6fa43cc000 r--s 00041000 ca:01 516815                     /home/ubuntu/hadoop-2.7.6/share/hadoop/common/lib/commons-lang-2.6.jar
7f6fa43cc000-7f6fa43d1000 r--s 00036000 ca:01 516752                     /home/ubuntu/hadoop-2.7.6/share/hadoop/common/lib/commons-compress-1.4.1.jar
7f6fa43d1000-7f6fa43d4000 r--s 00017000 ca:01 516796                     /home/ubuntu/hadoop-2.7.6/share/hadoop/common/lib/jaxb-api-2.2.2.jar
7f6fa43d4000-7f6fa43db000 r--s 00044000 ca:01 516770                     /home/ubuntu/hadoop-2.7.6/share/hadoop/common/lib/avro-1.7.4.jar
7f6fa43db000-7f6fa43dd000 r--s 00001000 ca:01 516804                     /home/ubuntu/hadoop-2.7.6/share/hadoop/common/lib/slf4j-log4j12-1.7.10.jar
7f6fa43dd000-7f6fa43f0000 r--s 000c7000 ca:01 516788                     /home/ubuntu/hadoop-2.7.6/share/hadoop/common/lib/jaxb-impl-2.2.3-1.jar
7f6fa43f0000-7f6fa43f9000 r--s 0006f000 ca:01 516773                     /home/ubuntu/hadoop-2.7.6/share/hadoop/common/lib/log4j-1.2.17.jar
7f6fa43f9000-7f6fa43fb000 r--s 00006000 ca:01 516806                     /home/ubuntu/hadoop-2.7.6/share/hadoop/common/lib/paranamer-2.3.jar
7f6fa43fb000-7f6fa4400000 r--s 0002a000 ca:01 516794                     /home/ubuntu/hadoop-2.7.6/share/hadoop/common/lib/commons-beanutils-1.7.0.jar
7f6fa4400000-7f6fa4409000 r--s 0007b000 ca:01 516780                     /home/ubuntu/hadoop-2.7.6/share/hadoop/common/lib/jets3t-0.9.0.jar
7f6fa4409000-7f6fa4417000 r--s 000b1000 ca:01 516767                     /home/ubuntu/hadoop-2.7.6/share/hadoop/common/lib/jackson-mapper-asl-1.9.13.jar
7f6fa4417000-7f6fa441a000 r--s 00006000 ca:01 516793                     /home/ubuntu/hadoop-2.7.6/share/hadoop/common/lib/jsr305-3.0.0.jar
7f6fa441a000-7f6fa4437000 r--s 0016a000 ca:01 516789                     /home/ubuntu/hadoop-2.7.6/share/hadoop/common/lib/commons-math3-3.1.1.jar
7f6fa4437000-7f6fa4438000 ---p 00000000 00:00 0 
7f6fa4438000-7f6fa4538000 rw-p 00000000 00:00 0 
7f6fa4538000-7f6fa453b000 ---p 00000000 00:00 0 
7f6fa453b000-7f6fa4639000 rw-p 00000000 00:00 0 
7f6fa4639000-7f6fa463c000 ---p 00000000 00:00 0 
7f6fa463c000-7f6fa473a000 rw-p 00000000 00:00 0 
7f6fa473a000-7f6fa473d000 ---p 00000000 00:00 0 
7f6fa473d000-7f6fa483b000 rw-p 00000000 00:00 0 
7f6fa483b000-7f6fa483e000 ---p 00000000 00:00 0 
7f6fa483e000-7f6fa493c000 rw-p 00000000 00:00 0 
7f6fa493c000-7f6fa4ad4000 r--p 00000000 ca:01 29085                      /usr/lib/locale/locale-archive
7f6fa4ad4000-7f6fa4ad7000 ---p 00000000 00:00 0 
7f6fa4ad7000-7f6fa4bd5000 rw-p 00000000 00:00 0 
7f6fa4bd5000-7f6fa4bd8000 ---p 00000000 00:00 0 
7f6fa4bd8000-7f6fa4cd6000 rw-p 00000000 00:00 0 
7f6fa4cd6000-7f6fa4cd7000 ---p 00000000 00:00 0 
7f6fa4cd7000-7f6fa4e26000 rw-p 00000000 00:00 0 
7f6fa4e26000-7f6fa5000000 r--s 03d6b000 ca:01 259712                     /usr/lib/jvm/java-8-oracle/jre/lib/rt.jar
7f6fa5000000-7f6fa56b0000 rwxp 00000000 00:00 0 
7f6fa56b0000-7f6fb4000000 ---p 00000000 00:00 0 
7f6fb4000000-7f6fb5602000 rw-p 00000000 00:00 0 
7f6fb5602000-7f6fb8000000 ---p 00000000 00:00 0 
7f6fb8000000-7f6fb8001000 r--s 00007000 ca:01 516757                     /home/ubuntu/hadoop-2.7.6/share/hadoop/common/lib/slf4j-api-1.7.10.jar
7f6fb8001000-7f6fb8002000 r--s 00004000 ca:01 516805                     /home/ubuntu/hadoop-2.7.6/share/hadoop/common/lib/jackson-jaxrs-1.9.13.jar
7f6fb8002000-7f6fb8004000 r--s 0000d000 ca:01 516812                     /home/ubuntu/hadoop-2.7.6/share/hadoop/common/lib/commons-codec-1.4.jar
7f6fb8004000-7f6fb8008000 r--s 00021000 ca:01 516768                     /home/ubuntu/hadoop-2.7.6/share/hadoop/common/lib/jersey-json-1.9.jar
7f6fb8008000-7f6fb800e000 r--s 00036000 ca:01 516803                     /home/ubuntu/hadoop-2.7.6/share/hadoop/common/lib/junit-4.11.jar
7f6fb800e000-7f6fb8013000 r--s 0003e000 ca:01 516771                     /home/ubuntu/hadoop-2.7.6/share/hadoop/common/lib/commons-net-3.1.jar
7f6fb8013000-7f6fb88e4000 rw-p 00000000 00:00 0 
7f6fb88e4000-7f6fb88e8000 rw-p 00000000 00:00 0 
7f6fb88e8000-7f6fb8939000 ---p 00000000 00:00 0 
7f6fb8939000-7f6fb8940000 rw-p 00000000 00:00 0 
7f6fb8940000-7f6fb89e4000 ---p 00000000 00:00 0 
7f6fb89e4000-7f6fb8a00000 rw-p 00000000 00:00 0 
7f6fb8a00000-7f6fb8da5000 ---p 00000000 00:00 0 
7f6fb8da5000-7f6fb8dc0000 r-xp 00000000 ca:01 259924                     /usr/lib/jvm/java-8-oracle/jre/lib/amd64/libzip.so
7f6fb8dc0000-7f6fb8fc0000 ---p 0001b000 ca:01 259924                     /usr/lib/jvm/java-8-oracle/jre/lib/amd64/libzip.so
7f6fb8fc0000-7f6fb8fc1000 rw-p 0001b000 ca:01 259924                     /usr/lib/jvm/java-8-oracle/jre/lib/amd64/libzip.so
7f6fb8fc1000-7f6fb8fcc000 r-xp 00000000 ca:01 2007                       /lib/x86_64-linux-gnu/libnss_files-2.23.so
7f6fb8fcc000-7f6fb91cb000 ---p 0000b000 ca:01 2007                       /lib/x86_64-linux-gnu/libnss_files-2.23.so
7f6fb91cb000-7f6fb91cc000 r--p 0000a000 ca:01 2007                       /lib/x86_64-linux-gnu/libnss_files-2.23.so
7f6fb91cc000-7f6fb91cd000 rw-p 0000b000 ca:01 2007                       /lib/x86_64-linux-gnu/libnss_files-2.23.so
7f6fb91cd000-7f6fb91d3000 rw-p 00000000 00:00 0 
7f6fb91d3000-7f6fb91de000 r-xp 00000000 ca:01 2013                       /lib/x86_64-linux-gnu/libnss_nis-2.23.so
7f6fb91de000-7f6fb93dd000 ---p 0000b000 ca:01 2013                       /lib/x86_64-linux-gnu/libnss_nis-2.23.so
7f6fb93dd000-7f6fb93de000 r--p 0000a000 ca:01 2013                       /lib/x86_64-linux-gnu/libnss_nis-2.23.so
7f6fb93de000-7f6fb93df000 rw-p 0000b000 ca:01 2013                       /lib/x86_64-linux-gnu/libnss_nis-2.23.so
7f6fb93df000-7f6fb93f5000 r-xp 00000000 ca:01 1991                       /lib/x86_64-linux-gnu/libnsl-2.23.so
7f6fb93f5000-7f6fb95f4000 ---p 00016000 ca:01 1991                       /lib/x86_64-linux-gnu/libnsl-2.23.so
7f6fb95f4000-7f6fb95f5000 r--p 00015000 ca:01 1991                       /lib/x86_64-linux-gnu/libnsl-2.23.so
7f6fb95f5000-7f6fb95f6000 rw-p 00016000 ca:01 1991                       /lib/x86_64-linux-gnu/libnsl-2.23.so
7f6fb95f6000-7f6fb95f8000 rw-p 00000000 00:00 0 
7f6fb95f8000-7f6fb9600000 r-xp 00000000 ca:01 2002                       /lib/x86_64-linux-gnu/libnss_compat-2.23.so
7f6fb9600000-7f6fb97ff000 ---p 00008000 ca:01 2002                       /lib/x86_64-linux-gnu/libnss_compat-2.23.so
7f6fb97ff000-7f6fb9800000 r--p 00007000 ca:01 2002                       /lib/x86_64-linux-gnu/libnss_compat-2.23.so
7f6fb9800000-7f6fb9801000 rw-p 00008000 ca:01 2002                       /lib/x86_64-linux-gnu/libnss_compat-2.23.so
7f6fb9801000-7f6fb982c000 r-xp 00000000 ca:01 259918                     /usr/lib/jvm/java-8-oracle/jre/lib/amd64/libjava.so
7f6fb982c000-7f6fb9a2b000 ---p 0002b000 ca:01 259918                     /usr/lib/jvm/java-8-oracle/jre/lib/amd64/libjava.so
7f6fb9a2b000-7f6fb9a2d000 rw-p 0002a000 ca:01 259918                     /usr/lib/jvm/java-8-oracle/jre/lib/amd64/libjava.so
7f6fb9a2d000-7f6fb9a3a000 r-xp 00000000 ca:01 259923                     /usr/lib/jvm/java-8-oracle/jre/lib/amd64/libverify.so
7f6fb9a3a000-7f6fb9c3a000 ---p 0000d000 ca:01 259923                     /usr/lib/jvm/java-8-oracle/jre/lib/amd64/libverify.so
7f6fb9c3a000-7f6fb9c3c000 rw-p 0000d000 ca:01 259923                     /usr/lib/jvm/java-8-oracle/jre/lib/amd64/libverify.so
7f6fb9c3c000-7f6fb9c43000 r-xp 00000000 ca:01 2014                       /lib/x86_64-linux-gnu/librt-2.23.so
7f6fb9c43000-7f6fb9e42000 ---p 00007000 ca:01 2014                       /lib/x86_64-linux-gnu/librt-2.23.so
7f6fb9e42000-7f6fb9e43000 r--p 00006000 ca:01 2014                       /lib/x86_64-linux-gnu/librt-2.23.so
7f6fb9e43000-7f6fb9e44000 rw-p 00007000 ca:01 2014                       /lib/x86_64-linux-gnu/librt-2.23.so
7f6fb9e44000-7f6fb9f4c000 r-xp 00000000 ca:01 1985                       /lib/x86_64-linux-gnu/libm-2.23.so
7f6fb9f4c000-7f6fba14b000 ---p 00108000 ca:01 1985                       /lib/x86_64-linux-gnu/libm-2.23.so
7f6fba14b000-7f6fba14c000 r--p 00107000 ca:01 1985                       /lib/x86_64-linux-gnu/libm-2.23.so
7f6fba14c000-7f6fba14d000 rw-p 00108000 ca:01 1985                       /lib/x86_64-linux-gnu/libm-2.23.so
7f6fba14d000-7f6fbae29000 r-xp 00000000 ca:01 259900                     /usr/lib/jvm/java-8-oracle/jre/lib/amd64/server/libjvm.so
7f6fbae29000-7f6fbb029000 ---p 00cdc000 ca:01 259900                     /usr/lib/jvm/java-8-oracle/jre/lib/amd64/server/libjvm.so
7f6fbb029000-7f6fbb103000 rw-p 00cdc000 ca:01 259900                     /usr/lib/jvm/java-8-oracle/jre/lib/amd64/server/libjvm.so
7f6fbb103000-7f6fbb14e000 rw-p 00000000 00:00 0 
7f6fbb14e000-7f6fbb30e000 r-xp 00000000 ca:01 1994                       /lib/x86_64-linux-gnu/libc-2.23.so
7f6fbb30e000-7f6fbb50e000 ---p 001c0000 ca:01 1994                       /lib/x86_64-linux-gnu/libc-2.23.so
7f6fbb50e000-7f6fbb512000 r--p 001c0000 ca:01 1994                       /lib/x86_64-linux-gnu/libc-2.23.so
7f6fbb512000-7f6fbb514000 rw-p 001c4000 ca:01 1994                       /lib/x86_64-linux-gnu/libc-2.23.so
7f6fbb514000-7f6fbb518000 rw-p 00000000 00:00 0 
7f6fbb518000-7f6fbb51b000 r-xp 00000000 ca:01 1996                       /lib/x86_64-linux-gnu/libdl-2.23.so
7f6fbb51b000-7f6fbb71a000 ---p 00003000 ca:01 1996                       /lib/x86_64-linux-gnu/libdl-2.23.so
7f6fbb71a000-7f6fbb71b000 r--p 00002000 ca:01 1996                       /lib/x86_64-linux-gnu/libdl-2.23.so
7f6fbb71b000-7f6fbb71c000 rw-p 00003000 ca:01 1996                       /lib/x86_64-linux-gnu/libdl-2.23.so
7f6fbb71c000-7f6fbb732000 r-xp 00000000 ca:01 259574                     /usr/lib/jvm/java-8-oracle/lib/amd64/jli/libjli.so
7f6fbb732000-7f6fbb931000 ---p 00016000 ca:01 259574                     /usr/lib/jvm/java-8-oracle/lib/amd64/jli/libjli.so
7f6fbb931000-7f6fbb932000 rw-p 00015000 ca:01 259574                     /usr/lib/jvm/java-8-oracle/lib/amd64/jli/libjli.so
7f6fbb932000-7f6fbb94a000 r-xp 00000000 ca:01 1993                       /lib/x86_64-linux-gnu/libpthread-2.23.so
7f6fbb94a000-7f6fbbb49000 ---p 00018000 ca:01 1993                       /lib/x86_64-linux-gnu/libpthread-2.23.so
7f6fbbb49000-7f6fbbb4a000 r--p 00017000 ca:01 1993                       /lib/x86_64-linux-gnu/libpthread-2.23.so
7f6fbbb4a000-7f6fbbb4b000 rw-p 00018000 ca:01 1993                       /lib/x86_64-linux-gnu/libpthread-2.23.so
7f6fbbb4b000-7f6fbbb4f000 rw-p 00000000 00:00 0 
7f6fbbb4f000-7f6fbbb75000 r-xp 00000000 ca:01 1992                       /lib/x86_64-linux-gnu/ld-2.23.so
7f6fbbb75000-7f6fbbb77000 r--s 0000f000 ca:01 516769                     /home/ubuntu/hadoop-2.7.6/share/hadoop/common/lib/curator-client-2.7.1.jar
7f6fbbb77000-7f6fbbb79000 r--s 00018000 ca:01 516791                     /home/ubuntu/hadoop-2.7.6/share/hadoop/common/lib/servlet-api-2.5.jar
7f6fbbb79000-7f6fbbb7c000 r--s 00016000 ca:01 516808                     /home/ubuntu/hadoop-2.7.6/share/hadoop/common/lib/jsp-api-2.1.jar
7f6fbbb7c000-7f6fbbb82000 r--s 00028000 ca:01 516755                     /home/ubuntu/hadoop-2.7.6/share/hadoop/common/lib/curator-framework-2.7.1.jar
7f6fbbb82000-7f6fbbb8c000 r--s 00066000 ca:01 516765                     /home/ubuntu/hadoop-2.7.6/share/hadoop/common/lib/jersey-core-1.9.jar
7f6fbbb8c000-7f6fbbbbb000 rw-p 00000000 00:00 0 
7f6fbbbbb000-7f6fbbc5f000 ---p 00000000 00:00 0 
7f6fbbc5f000-7f6fbbc67000 rw-s 00000000 ca:01 533649                     /tmp/hsperfdata_ubuntu/12231
7f6fbbc67000-7f6fbbc6a000 ---p 00000000 00:00 0 
7f6fbbc6a000-7f6fbbd6d000 rw-p 00000000 00:00 0 
7f6fbbd6d000-7f6fbbd72000 r--s 00040000 ca:01 516787                     /home/ubuntu/hadoop-2.7.6/share/hadoop/common/lib/jsch-0.1.54.jar
7f6fbbd72000-7f6fbbd73000 rw-p 00000000 00:00 0 
7f6fbbd73000-7f6fbbd74000 ---p 00000000 00:00 0 
7f6fbbd74000-7f6fbbd75000 r--p 00025000 ca:01 1992                       /lib/x86_64-linux-gnu/ld-2.23.so
7f6fbbd75000-7f6fbbd76000 rw-p 00026000 ca:01 1992                       /lib/x86_64-linux-gnu/ld-2.23.so
7f6fbbd76000-7f6fbbd77000 rw-p 00000000 00:00 0 
7ffdfeed9000-7ffdfeefb000 rw-p 00000000 00:00 0                          [stack]
7ffdfefef000-7ffdfeff2000 r--p 00000000 00:00 0                          [vvar]
7ffdfeff2000-7ffdfeff4000 r-xp 00000000 00:00 0                          [vdso]
ffffffffff600000-ffffffffff601000 r-xp 00000000 00:00 0                  [vsyscall]

VM Arguments:
jvm_args: -Xmx1000m -Djava.net.preferIPv4Stack=true -Dhadoop.log.dir=/home/ubuntu/hadoop-2.7.6/logs -Dhadoop.log.file=hadoop.log -Dhadoop.home.dir=/home/ubuntu/hadoop-2.7.6 -Dhadoop.id.str=ubuntu -Dhadoop.root.logger=INFO,console -Djava.library.path=/home/ubuntu/hadoop-2.7.6/lib/native -Dhadoop.policy.file=hadoop-policy.xml -Djava.net.preferIPv4Stack=true -Xmx512m -Dhadoop.security.logger=INFO,NullAppender 
java_command: org.apache.hadoop.util.RunJar wc.jar WordCount /user/ubuntu/wordcount/input /user/ubuntu/wordcount/output3
java_class_path (initial): /home/ubuntu/hadoop-2.7.6/etc/hadoop:/home/ubuntu/hadoop-2.7.6/share/hadoop/common/lib/jersey-core-1.9.jar:/home/ubuntu/hadoop-2.7.6/share/hadoop/common/lib/jsch-0.1.54.jar:/home/ubuntu/hadoop-2.7.6/share/hadoop/common/lib/curator-framework-2.7.1.jar:/home/ubuntu/hadoop-2.7.6/share/hadoop/common/lib/jsp-api-2.1.jar:/home/ubuntu/hadoop-2.7.6/share/hadoop/common/lib/commons-net-3.1.jar:/home/ubuntu/hadoop-2.7.6/share/hadoop/common/lib/junit-4.11.jar:/home/ubuntu/hadoop-2.7.6/share/hadoop/common/lib/servlet-api-2.5.jar:/home/ubuntu/hadoop-2.7.6/share/hadoop/common/lib/jersey-json-1.9.jar:/home/ubuntu/hadoop-2.7.6/share/hadoop/common/lib/curator-client-2.7.1.jar:/home/ubuntu/hadoop-2.7.6/share/hadoop/common/lib/commons-math3-3.1.1.jar:/home/ubuntu/hadoop-2.7.6/share/hadoop/common/lib/commons-codec-1.4.jar:/home/ubuntu/hadoop-2.7.6/share/hadoop/common/lib/jsr305-3.0.0.jar:/home/ubuntu/hadoop-2.7.6/share/hadoop/common/lib/jackson-mapper-asl-1.9.13.jar:/home/ubuntu/hadoop-2.7.6/share/hadoop/common/lib/jets3t-0.9.0.jar:/home/ubuntu/hadoop-2.7.6/share/hadoop/common/lib/jackson-jaxrs-1.9.13.jar:/home/ubuntu/hadoop-2.7.6/share/hadoop/common/lib/commons-beanutils-1.7.0.jar:/home/ubuntu/hadoop-2.7.6/share/hadoop/common/lib/paranamer-2.3.jar:/home/ubuntu/hadoop-2.7.6/share/hadoop/common/lib/log4j-1.2.17.jar:/home/ubuntu/hadoop-2.7.6/share/hadoop/common/lib/jaxb-impl-2.2.3-1.jar:/home/ubuntu/hadoop-2.7.6/share/hadoop/common/lib/slf4j-log4j12-1.7.10.jar:/home/ubuntu/hadoop-2.7.6/share/hadoop/common/lib/avro-1.7.4.jar:/home/ubuntu/hadoop-2.7.6/share/hadoop/common/lib/jaxb-api-2.2.2.jar:/home/ubuntu/hadoop-2.7.6/share/hadoop/common/lib/commons-compress-1.4.1.jar:/home/ubuntu/hadoop-2.7.6/share/hadoop/common/lib/commons-lang-2.6.jar:/home/ubuntu/hadoop-2.7.6/share/hadoop/common/lib/commons-digester-1.8.jar:/home/ubuntu/hadoop-2.7.6/share/hadoop/common/lib/commons-cli-1.2.jar:/home/ubuntu/hadoop-2.7.6/share/hadoop/common/lib/commons-configuration-1.6.jar:/h
Launcher Type: SUN_STANDARD

Environment Variables:
JAVA_HOME=/usr/lib/jvm/java-8-oracle
CLASSPATH=/home/ubuntu/hadoop-2.7.6/etc/hadoop:/home/ubuntu/hadoop-2.7.6/share/hadoop/common/lib/*:/home/ubuntu/hadoop-2.7.6/share/hadoop/common/*:/home/ubuntu/hadoop-2.7.6/share/hadoop/hdfs:/home/ubuntu/hadoop-2.7.6/share/hadoop/hdfs/lib/*:/home/ubuntu/hadoop-2.7.6/share/hadoop/hdfs/*:/home/ubuntu/hadoop-2.7.6/share/hadoop/yarn/lib/*:/home/ubuntu/hadoop-2.7.6/share/hadoop/yarn/*:/home/ubuntu/hadoop-2.7.6/share/hadoop/mapreduce/lib/*:/home/ubuntu/hadoop-2.7.6/share/hadoop/mapreduce/*:/usr/lib/jvm/java-8-oracle/lib/tools.jar:/contrib/capacity-scheduler/*.jar
PATH=/usr/lib/jvm/java-8-oracle/bin:/home/ubuntu/bin:/home/ubuntu/.local/bin:/usr/local/sbin:/usr/local/bin:/usr/sbin:/usr/bin:/sbin:/bin:/usr/games:/usr/local/games:/snap/bin:/usr/lib/jvm/java-8-oracle/bin:/usr/lib/jvm/java-8-oracle/db/bin:/usr/lib/jvm/java-8-oracle/jre/bin
LD_LIBRARY_PATH=:/home/ubuntu/hadoop-2.7.6/lib/native
SHELL=/bin/bash

Signal Handlers:
SIGSEGV: [libjvm.so+0xad2a40], sa_mask[0]=11111111011111111101111111111110, sa_flags=SA_RESTART|SA_SIGINFO
SIGBUS: [libjvm.so+0xad2a40], sa_mask[0]=11111111011111111101111111111110, sa_flags=SA_RESTART|SA_SIGINFO
SIGFPE: [libjvm.so+0x92a610], sa_mask[0]=11111111011111111101111111111110, sa_flags=SA_RESTART|SA_SIGINFO
SIGPIPE: [libjvm.so+0x92a610], sa_mask[0]=11111111011111111101111111111110, sa_flags=SA_RESTART|SA_SIGINFO
SIGXFSZ: [libjvm.so+0x92a610], sa_mask[0]=11111111011111111101111111111110, sa_flags=SA_RESTART|SA_SIGINFO
SIGILL: [libjvm.so+0x92a610], sa_mask[0]=11111111011111111101111111111110, sa_flags=SA_RESTART|SA_SIGINFO
SIGUSR1: SIG_DFL, sa_mask[0]=00000000000000000000000000000000, sa_flags=none
SIGUSR2: [libjvm.so+0x92be70], sa_mask[0]=00000000000000000000000000000000, sa_flags=SA_RESTART|SA_SIGINFO
SIGHUP: [libjvm.so+0x92d270], sa_mask[0]=11111111011111111101111111111110, sa_flags=SA_RESTART|SA_SIGINFO
SIGINT: [libjvm.so+0x92d270], sa_mask[0]=11111111011111111101111111111110, sa_flags=SA_RESTART|SA_SIGINFO
SIGTERM: [libjvm.so+0x92d270], sa_mask[0]=11111111011111111101111111111110, sa_flags=SA_RESTART|SA_SIGINFO
SIGQUIT: [libjvm.so+0x92d270], sa_mask[0]=11111111011111111101111111111110, sa_flags=SA_RESTART|SA_SIGINFO


---------------  S Y S T E M  ---------------

OS:DISTRIB_ID=Ubuntu
DISTRIB_RELEASE=16.04
DISTRIB_CODENAME=xenial
DISTRIB_DESCRIPTION="Ubuntu 16.04.5 LTS"

uname:Linux 4.4.0-1066-aws #76-Ubuntu SMP Thu Aug 16 16:21:21 UTC 2018 x86_64
libc:glibc 2.23 NPTL 2.23 
rlimit: STACK 8192k, CORE 0k, NPROC 3900, NOFILE 1048576, AS infinity
load average:0.32 0.14 0.04

/proc/meminfo:
MemTotal:        1014500 kB
MemFree:           60804 kB
MemAvailable:      38872 kB
Buffers:           10100 kB
Cached:            88176 kB
SwapCached:            0 kB
Active:           835136 kB
Inactive:          32732 kB
Active(anon):     772576 kB
Inactive(anon):    10608 kB
Active(file):      62560 kB
Inactive(file):    22124 kB
Unevictable:        3652 kB
Mlocked:            3652 kB
SwapTotal:             0 kB
SwapFree:              0 kB
Dirty:               568 kB
Writeback:             0 kB
AnonPages:        773332 kB
Mapped:            40348 kB
Shmem:             11080 kB
Slab:              42860 kB
SReclaimable:      14272 kB
SUnreclaim:        28588 kB
KernelStack:        8448 kB
PageTables:         6160 kB
NFS_Unstable:          0 kB
Bounce:                0 kB
WritebackTmp:          0 kB
CommitLimit:      507248 kB
Committed_AS:    1503284 kB
VmallocTotal:   34359738367 kB
VmallocUsed:           0 kB
VmallocChunk:          0 kB
HardwareCorrupted:     0 kB
AnonHugePages:    516096 kB
CmaTotal:              0 kB
CmaFree:               0 kB
HugePages_Total:       0
HugePages_Free:        0
HugePages_Rsvd:        0
HugePages_Surp:        0
Hugepagesize:       2048 kB
DirectMap4k:       55296 kB
DirectMap2M:      993280 kB


CPU:total 1 (initial active 1) (1 cores per cpu, 1 threads per core) family 6 model 63 stepping 2, cmov, cx8, fxsr, mmx, sse, sse2, sse3, ssse3, sse4.1, sse4.2, popcnt, avx, avx2, aes, clmul, erms, lzcnt, tsc, bmi1, bmi2

/proc/cpuinfo:
processor	: 0
vendor_id	: GenuineIntel
cpu family	: 6
model		: 63
model name	: Intel(R) Xeon(R) CPU E5-2676 v3 @ 2.40GHz
stepping	: 2
microcode	: 0x3c
cpu MHz		: 2400.082
cache size	: 30720 KB
physical id	: 0
siblings	: 1
core id		: 0
cpu cores	: 1
apicid		: 0
initial apicid	: 0
fpu		: yes
fpu_exception	: yes
cpuid level	: 13
wp		: yes
flags		: fpu vme de pse tsc msr pae mce cx8 apic sep mtrr pge mca cmov pat pse36 clflush mmx fxsr sse sse2 ht syscall nx rdtscp lm constant_tsc rep_good nopl xtopology pni pclmulqdq ssse3 fma cx16 pcid sse4_1 sse4_2 x2apic movbe popcnt tsc_deadline_timer aes xsave avx f16c rdrand hypervisor lahf_lm abm invpcid_single kaiser fsgsbase bmi1 avx2 smep bmi2 erms invpcid xsaveopt
bugs		: cpu_meltdown spectre_v1 spectre_v2 spec_store_bypass l1tf
bogomips	: 4800.16
clflush size	: 64
cache_alignment	: 64
address sizes	: 46 bits physical, 48 bits virtual
power management:



Memory: 4k page, physical 1014500k(60792k free), swap 0k(0k free)

vm_info: Java HotSpot(TM) 64-Bit Server VM (25.181-b13) for linux-amd64 JRE (1.8.0_181-b13), built on Jul  7 2018 00:56:38 by "java_re" with gcc 4.3.0 20080428 (Red Hat 4.3.0-8)

time: Sat Sep 29 04:13:59 2018
elapsed time: 3 seconds (0d 0h 0m 3s)

