2018-09-23 09:54:32,439 INFO org.apache.hadoop.mapreduce.v2.hs.JobHistoryServer: STARTUP_MSG: 
/************************************************************
STARTUP_MSG: Starting JobHistoryServer
STARTUP_MSG:   host = ip-172-31-87-173.ec2.internal/172.31.87.173
STARTUP_MSG:   args = []
STARTUP_MSG:   version = 2.7.6
STARTUP_MSG:   classpath = /home/ubuntu/hadoop-2.7.6/etc/hadoop:/home/ubuntu/hadoop-2.7.6/share/hadoop/common/lib/jersey-core-1.9.jar:/home/ubuntu/hadoop-2.7.6/share/hadoop/common/lib/jsch-0.1.54.jar:/home/ubuntu/hadoop-2.7.6/share/hadoop/common/lib/curator-framework-2.7.1.jar:/home/ubuntu/hadoop-2.7.6/share/hadoop/common/lib/jsp-api-2.1.jar:/home/ubuntu/hadoop-2.7.6/share/hadoop/common/lib/commons-net-3.1.jar:/home/ubuntu/hadoop-2.7.6/share/hadoop/common/lib/junit-4.11.jar:/home/ubuntu/hadoop-2.7.6/share/hadoop/common/lib/servlet-api-2.5.jar:/home/ubuntu/hadoop-2.7.6/share/hadoop/common/lib/jersey-json-1.9.jar:/home/ubuntu/hadoop-2.7.6/share/hadoop/common/lib/curator-client-2.7.1.jar:/home/ubuntu/hadoop-2.7.6/share/hadoop/common/lib/commons-math3-3.1.1.jar:/home/ubuntu/hadoop-2.7.6/share/hadoop/common/lib/commons-codec-1.4.jar:/home/ubuntu/hadoop-2.7.6/share/hadoop/common/lib/jsr305-3.0.0.jar:/home/ubuntu/hadoop-2.7.6/share/hadoop/common/lib/jackson-mapper-asl-1.9.13.jar:/home/ubuntu/hadoop-2.7.6/share/hadoop/common/lib/jets3t-0.9.0.jar:/home/ubuntu/hadoop-2.7.6/share/hadoop/common/lib/jackson-jaxrs-1.9.13.jar:/home/ubuntu/hadoop-2.7.6/share/hadoop/common/lib/commons-beanutils-1.7.0.jar:/home/ubuntu/hadoop-2.7.6/share/hadoop/common/lib/paranamer-2.3.jar:/home/ubuntu/hadoop-2.7.6/share/hadoop/common/lib/log4j-1.2.17.jar:/home/ubuntu/hadoop-2.7.6/share/hadoop/common/lib/jaxb-impl-2.2.3-1.jar:/home/ubuntu/hadoop-2.7.6/share/hadoop/common/lib/slf4j-log4j12-1.7.10.jar:/home/ubuntu/hadoop-2.7.6/share/hadoop/common/lib/avro-1.7.4.jar:/home/ubuntu/hadoop-2.7.6/share/hadoop/common/lib/jaxb-api-2.2.2.jar:/home/ubuntu/hadoop-2.7.6/share/hadoop/common/lib/commons-compress-1.4.1.jar:/home/ubuntu/hadoop-2.7.6/share/hadoop/common/lib/commons-lang-2.6.jar:/home/ubuntu/hadoop-2.7.6/share/hadoop/common/lib/commons-digester-1.8.jar:/home/ubuntu/hadoop-2.7.6/share/hadoop/common/lib/commons-cli-1.2.jar:/home/ubuntu/hadoop-2.7.6/share/hadoop/common/lib/commons-configuration-1.6.jar:/home/ubuntu/hadoop-2.7.6/share/hadoop/common/lib/mockito-all-1.8.5.jar:/home/ubuntu/hadoop-2.7.6/share/hadoop/common/lib/zookeeper-3.4.6.jar:/home/ubuntu/hadoop-2.7.6/share/hadoop/common/lib/jackson-core-asl-1.9.13.jar:/home/ubuntu/hadoop-2.7.6/share/hadoop/common/lib/slf4j-api-1.7.10.jar:/home/ubuntu/hadoop-2.7.6/share/hadoop/common/lib/api-asn1-api-1.0.0-M20.jar:/home/ubuntu/hadoop-2.7.6/share/hadoop/common/lib/apacheds-i18n-2.0.0-M15.jar:/home/ubuntu/hadoop-2.7.6/share/hadoop/common/lib/curator-recipes-2.7.1.jar:/home/ubuntu/hadoop-2.7.6/share/hadoop/common/lib/asm-3.2.jar:/home/ubuntu/hadoop-2.7.6/share/hadoop/common/lib/stax-api-1.0-2.jar:/home/ubuntu/hadoop-2.7.6/share/hadoop/common/lib/gson-2.2.4.jar:/home/ubuntu/hadoop-2.7.6/share/hadoop/common/lib/hamcrest-core-1.3.jar:/home/ubuntu/hadoop-2.7.6/share/hadoop/common/lib/apacheds-kerberos-codec-2.0.0-M15.jar:/home/ubuntu/hadoop-2.7.6/share/hadoop/common/lib/commons-collections-3.2.2.jar:/home/ubuntu/hadoop-2.7.6/share/hadoop/common/lib/htrace-core-3.1.0-incubating.jar:/home/ubuntu/hadoop-2.7.6/share/hadoop/common/lib/jetty-sslengine-6.1.26.jar:/home/ubuntu/hadoop-2.7.6/share/hadoop/common/lib/httpcore-4.2.5.jar:/home/ubuntu/hadoop-2.7.6/share/hadoop/common/lib/xz-1.0.jar:/home/ubuntu/hadoop-2.7.6/share/hadoop/common/lib/snappy-java-1.0.4.1.jar:/home/ubuntu/hadoop-2.7.6/share/hadoop/common/lib/api-util-1.0.0-M20.jar:/home/ubuntu/hadoop-2.7.6/share/hadoop/common/lib/commons-httpclient-3.1.jar:/home/ubuntu/hadoop-2.7.6/share/hadoop/common/lib/protobuf-java-2.5.0.jar:/home/ubuntu/hadoop-2.7.6/share/hadoop/common/lib/commons-beanutils-core-1.8.0.jar:/home/ubuntu/hadoop-2.7.6/share/hadoop/common/lib/httpclient-4.2.5.jar:/home/ubuntu/hadoop-2.7.6/share/hadoop/common/lib/hadoop-annotations-2.7.6.jar:/home/ubuntu/hadoop-2.7.6/share/hadoop/common/lib/commons-logging-1.1.3.jar:/home/ubuntu/hadoop-2.7.6/share/hadoop/common/lib/netty-3.6.2.Final.jar:/home/ubuntu/hadoop-2.7.6/share/hadoop/common/lib/guava-11.0.2.jar:/home/ubuntu/hadoop-2.7.6/share/hadoop/common/lib/jetty-6.1.26.jar:/home/ubuntu/hadoop-2.7.6/share/hadoop/common/lib/commons-io-2.4.jar:/home/ubuntu/hadoop-2.7.6/share/hadoop/common/lib/jackson-xc-1.9.13.jar:/home/ubuntu/hadoop-2.7.6/share/hadoop/common/lib/xmlenc-0.52.jar:/home/ubuntu/hadoop-2.7.6/share/hadoop/common/lib/java-xmlbuilder-0.4.jar:/home/ubuntu/hadoop-2.7.6/share/hadoop/common/lib/activation-1.1.jar:/home/ubuntu/hadoop-2.7.6/share/hadoop/common/lib/jetty-util-6.1.26.jar:/home/ubuntu/hadoop-2.7.6/share/hadoop/common/lib/jersey-server-1.9.jar:/home/ubuntu/hadoop-2.7.6/share/hadoop/common/lib/jettison-1.1.jar:/home/ubuntu/hadoop-2.7.6/share/hadoop/common/lib/hadoop-auth-2.7.6.jar:/home/ubuntu/hadoop-2.7.6/share/hadoop/common/hadoop-common-2.7.6-tests.jar:/home/ubuntu/hadoop-2.7.6/share/hadoop/common/hadoop-nfs-2.7.6.jar:/home/ubuntu/hadoop-2.7.6/share/hadoop/common/hadoop-common-2.7.6.jar:/home/ubuntu/hadoop-2.7.6/share/hadoop/hdfs:/home/ubuntu/hadoop-2.7.6/share/hadoop/hdfs/lib/jersey-core-1.9.jar:/home/ubuntu/hadoop-2.7.6/share/hadoop/hdfs/lib/commons-daemon-1.0.13.jar:/home/ubuntu/hadoop-2.7.6/share/hadoop/hdfs/lib/servlet-api-2.5.jar:/home/ubuntu/hadoop-2.7.6/share/hadoop/hdfs/lib/commons-codec-1.4.jar:/home/ubuntu/hadoop-2.7.6/share/hadoop/hdfs/lib/jsr305-3.0.0.jar:/home/ubuntu/hadoop-2.7.6/share/hadoop/hdfs/lib/leveldbjni-all-1.8.jar:/home/ubuntu/hadoop-2.7.6/share/hadoop/hdfs/lib/jackson-mapper-asl-1.9.13.jar:/home/ubuntu/hadoop-2.7.6/share/hadoop/hdfs/lib/log4j-1.2.17.jar:/home/ubuntu/hadoop-2.7.6/share/hadoop/hdfs/lib/commons-lang-2.6.jar:/home/ubuntu/hadoop-2.7.6/share/hadoop/hdfs/lib/commons-cli-1.2.jar:/home/ubuntu/hadoop-2.7.6/share/hadoop/hdfs/lib/jackson-core-asl-1.9.13.jar:/home/ubuntu/hadoop-2.7.6/share/hadoop/hdfs/lib/asm-3.2.jar:/home/ubuntu/hadoop-2.7.6/share/hadoop/hdfs/lib/xercesImpl-2.9.1.jar:/home/ubuntu/hadoop-2.7.6/share/hadoop/hdfs/lib/htrace-core-3.1.0-incubating.jar:/home/ubuntu/hadoop-2.7.6/share/hadoop/hdfs/lib/netty-all-4.0.23.Final.jar:/home/ubuntu/hadoop-2.7.6/share/hadoop/hdfs/lib/protobuf-java-2.5.0.jar:/home/ubuntu/hadoop-2.7.6/share/hadoop/hdfs/lib/commons-logging-1.1.3.jar:/home/ubuntu/hadoop-2.7.6/share/hadoop/hdfs/lib/netty-3.6.2.Final.jar:/home/ubuntu/hadoop-2.7.6/share/hadoop/hdfs/lib/guava-11.0.2.jar:/home/ubuntu/hadoop-2.7.6/share/hadoop/hdfs/lib/xml-apis-1.3.04.jar:/home/ubuntu/hadoop-2.7.6/share/hadoop/hdfs/lib/jetty-6.1.26.jar:/home/ubuntu/hadoop-2.7.6/share/hadoop/hdfs/lib/commons-io-2.4.jar:/home/ubuntu/hadoop-2.7.6/share/hadoop/hdfs/lib/xmlenc-0.52.jar:/home/ubuntu/hadoop-2.7.6/share/hadoop/hdfs/lib/jetty-util-6.1.26.jar:/home/ubuntu/hadoop-2.7.6/share/hadoop/hdfs/lib/jersey-server-1.9.jar:/home/ubuntu/hadoop-2.7.6/share/hadoop/hdfs/hadoop-hdfs-2.7.6-tests.jar:/home/ubuntu/hadoop-2.7.6/share/hadoop/hdfs/hadoop-hdfs-nfs-2.7.6.jar:/home/ubuntu/hadoop-2.7.6/share/hadoop/hdfs/hadoop-hdfs-2.7.6.jar:/home/ubuntu/hadoop-2.7.6/share/hadoop/yarn/lib/jersey-core-1.9.jar:/home/ubuntu/hadoop-2.7.6/share/hadoop/yarn/lib/guice-3.0.jar:/home/ubuntu/hadoop-2.7.6/share/hadoop/yarn/lib/jersey-guice-1.9.jar:/home/ubuntu/hadoop-2.7.6/share/hadoop/yarn/lib/javax.inject-1.jar:/home/ubuntu/hadoop-2.7.6/share/hadoop/yarn/lib/servlet-api-2.5.jar:/home/ubuntu/hadoop-2.7.6/share/hadoop/yarn/lib/jersey-json-1.9.jar:/home/ubuntu/hadoop-2.7.6/share/hadoop/yarn/lib/commons-codec-1.4.jar:/home/ubuntu/hadoop-2.7.6/share/hadoop/yarn/lib/jsr305-3.0.0.jar:/home/ubuntu/hadoop-2.7.6/share/hadoop/yarn/lib/leveldbjni-all-1.8.jar:/home/ubuntu/hadoop-2.7.6/share/hadoop/yarn/lib/jackson-mapper-asl-1.9.13.jar:/home/ubuntu/hadoop-2.7.6/share/hadoop/yarn/lib/jackson-jaxrs-1.9.13.jar:/home/ubuntu/hadoop-2.7.6/share/hadoop/yarn/lib/aopalliance-1.0.jar:/home/ubuntu/hadoop-2.7.6/share/hadoop/yarn/lib/log4j-1.2.17.jar:/home/ubuntu/hadoop-2.7.6/share/hadoop/yarn/lib/jaxb-impl-2.2.3-1.jar:/home/ubuntu/hadoop-2.7.6/share/hadoop/yarn/lib/jaxb-api-2.2.2.jar:/home/ubuntu/hadoop-2.7.6/share/hadoop/yarn/lib/commons-compress-1.4.1.jar:/home/ubuntu/hadoop-2.7.6/share/hadoop/yarn/lib/commons-lang-2.6.jar:/home/ubuntu/hadoop-2.7.6/share/hadoop/yarn/lib/commons-cli-1.2.jar:/home/ubuntu/hadoop-2.7.6/share/hadoop/yarn/lib/jersey-client-1.9.jar:/home/ubuntu/hadoop-2.7.6/share/hadoop/yarn/lib/zookeeper-3.4.6.jar:/home/ubuntu/hadoop-2.7.6/share/hadoop/yarn/lib/jackson-core-asl-1.9.13.jar:/home/ubuntu/hadoop-2.7.6/share/hadoop/yarn/lib/asm-3.2.jar:/home/ubuntu/hadoop-2.7.6/share/hadoop/yarn/lib/stax-api-1.0-2.jar:/home/ubuntu/hadoop-2.7.6/share/hadoop/yarn/lib/commons-collections-3.2.2.jar:/home/ubuntu/hadoop-2.7.6/share/hadoop/yarn/lib/xz-1.0.jar:/home/ubuntu/hadoop-2.7.6/share/hadoop/yarn/lib/guice-servlet-3.0.jar:/home/ubuntu/hadoop-2.7.6/share/hadoop/yarn/lib/zookeeper-3.4.6-tests.jar:/home/ubuntu/hadoop-2.7.6/share/hadoop/yarn/lib/protobuf-java-2.5.0.jar:/home/ubuntu/hadoop-2.7.6/share/hadoop/yarn/lib/commons-logging-1.1.3.jar:/home/ubuntu/hadoop-2.7.6/share/hadoop/yarn/lib/netty-3.6.2.Final.jar:/home/ubuntu/hadoop-2.7.6/share/hadoop/yarn/lib/guava-11.0.2.jar:/home/ubuntu/hadoop-2.7.6/share/hadoop/yarn/lib/jetty-6.1.26.jar:/home/ubuntu/hadoop-2.7.6/share/hadoop/yarn/lib/commons-io-2.4.jar:/home/ubuntu/hadoop-2.7.6/share/hadoop/yarn/lib/jackson-xc-1.9.13.jar:/home/ubuntu/hadoop-2.7.6/share/hadoop/yarn/lib/activation-1.1.jar:/home/ubuntu/hadoop-2.7.6/share/hadoop/yarn/lib/jetty-util-6.1.26.jar:/home/ubuntu/hadoop-2.7.6/share/hadoop/yarn/lib/jersey-server-1.9.jar:/home/ubuntu/hadoop-2.7.6/share/hadoop/yarn/lib/jettison-1.1.jar:/home/ubuntu/hadoop-2.7.6/share/hadoop/yarn/hadoop-yarn-common-2.7.6.jar:/home/ubuntu/hadoop-2.7.6/share/hadoop/yarn/hadoop-yarn-server-sharedcachemanager-2.7.6.jar:/home/ubuntu/hadoop-2.7.6/share/hadoop/yarn/hadoop-yarn-api-2.7.6.jar:/home/ubuntu/hadoop-2.7.6/share/hadoop/yarn/hadoop-yarn-applications-unmanaged-am-launcher-2.7.6.jar:/home/ubuntu/hadoop-2.7.6/share/hadoop/yarn/hadoop-yarn-server-tests-2.7.6.jar:/home/ubuntu/hadoop-2.7.6/share/hadoop/yarn/hadoop-yarn-registry-2.7.6.jar:/home/ubuntu/hadoop-2.7.6/share/hadoop/yarn/hadoop-yarn-server-common-2.7.6.jar:/home/ubuntu/hadoop-2.7.6/share/hadoop/yarn/hadoop-yarn-client-2.7.6.jar:/home/ubuntu/hadoop-2.7.6/share/hadoop/yarn/hadoop-yarn-server-applicationhistoryservice-2.7.6.jar:/home/ubuntu/hadoop-2.7.6/share/hadoop/yarn/hadoop-yarn-server-nodemanager-2.7.6.jar:/home/ubuntu/hadoop-2.7.6/share/hadoop/yarn/hadoop-yarn-applications-distributedshell-2.7.6.jar:/home/ubuntu/hadoop-2.7.6/share/hadoop/yarn/hadoop-yarn-server-web-proxy-2.7.6.jar:/home/ubuntu/hadoop-2.7.6/share/hadoop/yarn/hadoop-yarn-server-resourcemanager-2.7.6.jar:/home/ubuntu/hadoop-2.7.6/share/hadoop/mapreduce/lib/jersey-core-1.9.jar:/home/ubuntu/hadoop-2.7.6/share/hadoop/mapreduce/lib/guice-3.0.jar:/home/ubuntu/hadoop-2.7.6/share/hadoop/mapreduce/lib/jersey-guice-1.9.jar:/home/ubuntu/hadoop-2.7.6/share/hadoop/mapreduce/lib/javax.inject-1.jar:/home/ubuntu/hadoop-2.7.6/share/hadoop/mapreduce/lib/junit-4.11.jar:/home/ubuntu/hadoop-2.7.6/share/hadoop/mapreduce/lib/leveldbjni-all-1.8.jar:/home/ubuntu/hadoop-2.7.6/share/hadoop/mapreduce/lib/jackson-mapper-asl-1.9.13.jar:/home/ubuntu/hadoop-2.7.6/share/hadoop/mapreduce/lib/paranamer-2.3.jar:/home/ubuntu/hadoop-2.7.6/share/hadoop/mapreduce/lib/aopalliance-1.0.jar:/home/ubuntu/hadoop-2.7.6/share/hadoop/mapreduce/lib/log4j-1.2.17.jar:/home/ubuntu/hadoop-2.7.6/share/hadoop/mapreduce/lib/avro-1.7.4.jar:/home/ubuntu/hadoop-2.7.6/share/hadoop/mapreduce/lib/commons-compress-1.4.1.jar:/home/ubuntu/hadoop-2.7.6/share/hadoop/mapreduce/lib/jackson-core-asl-1.9.13.jar:/home/ubuntu/hadoop-2.7.6/share/hadoop/mapreduce/lib/asm-3.2.jar:/home/ubuntu/hadoop-2.7.6/share/hadoop/mapreduce/lib/hamcrest-core-1.3.jar:/home/ubuntu/hadoop-2.7.6/share/hadoop/mapreduce/lib/xz-1.0.jar:/home/ubuntu/hadoop-2.7.6/share/hadoop/mapreduce/lib/snappy-java-1.0.4.1.jar:/home/ubuntu/hadoop-2.7.6/share/hadoop/mapreduce/lib/guice-servlet-3.0.jar:/home/ubuntu/hadoop-2.7.6/share/hadoop/mapreduce/lib/protobuf-java-2.5.0.jar:/home/ubuntu/hadoop-2.7.6/share/hadoop/mapreduce/lib/hadoop-annotations-2.7.6.jar:/home/ubuntu/hadoop-2.7.6/share/hadoop/mapreduce/lib/netty-3.6.2.Final.jar:/home/ubuntu/hadoop-2.7.6/share/hadoop/mapreduce/lib/commons-io-2.4.jar:/home/ubuntu/hadoop-2.7.6/share/hadoop/mapreduce/lib/jersey-server-1.9.jar:/home/ubuntu/hadoop-2.7.6/share/hadoop/mapreduce/hadoop-mapreduce-client-hs-plugins-2.7.6.jar:/home/ubuntu/hadoop-2.7.6/share/hadoop/mapreduce/hadoop-mapreduce-client-app-2.7.6.jar:/home/ubuntu/hadoop-2.7.6/share/hadoop/mapreduce/hadoop-mapreduce-client-common-2.7.6.jar:/home/ubuntu/hadoop-2.7.6/share/hadoop/mapreduce/hadoop-mapreduce-client-jobclient-2.7.6-tests.jar:/home/ubuntu/hadoop-2.7.6/share/hadoop/mapreduce/hadoop-mapreduce-client-core-2.7.6.jar:/home/ubuntu/hadoop-2.7.6/share/hadoop/mapreduce/hadoop-mapreduce-client-shuffle-2.7.6.jar:/home/ubuntu/hadoop-2.7.6/share/hadoop/mapreduce/hadoop-mapreduce-client-jobclient-2.7.6.jar:/home/ubuntu/hadoop-2.7.6/share/hadoop/mapreduce/hadoop-mapreduce-client-hs-2.7.6.jar:/home/ubuntu/hadoop-2.7.6/share/hadoop/mapreduce/hadoop-mapreduce-examples-2.7.6.jar:/contrib/capacity-scheduler/*.jar:/contrib/capacity-scheduler/*.jar:/home/ubuntu/hadoop-2.7.6/share/hadoop/mapreduce/hadoop-mapreduce-client-app-2.7.6.jar:/home/ubuntu/hadoop-2.7.6/share/hadoop/mapreduce/hadoop-mapreduce-client-common-2.7.6.jar:/home/ubuntu/hadoop-2.7.6/share/hadoop/mapreduce/hadoop-mapreduce-client-core-2.7.6.jar:/home/ubuntu/hadoop-2.7.6/share/hadoop/mapreduce/hadoop-mapreduce-client-hs-2.7.6.jar:/home/ubuntu/hadoop-2.7.6/share/hadoop/mapreduce/hadoop-mapreduce-client-hs-plugins-2.7.6.jar:/home/ubuntu/hadoop-2.7.6/share/hadoop/mapreduce/hadoop-mapreduce-client-jobclient-2.7.6.jar:/home/ubuntu/hadoop-2.7.6/share/hadoop/mapreduce/hadoop-mapreduce-client-jobclient-2.7.6-tests.jar:/home/ubuntu/hadoop-2.7.6/share/hadoop/mapreduce/hadoop-mapreduce-client-shuffle-2.7.6.jar:/home/ubuntu/hadoop-2.7.6/share/hadoop/mapreduce/hadoop-mapreduce-examples-2.7.6.jar:/home/ubuntu/hadoop-2.7.6/share/hadoop/yarn/hadoop-yarn-api-2.7.6.jar:/home/ubuntu/hadoop-2.7.6/share/hadoop/yarn/hadoop-yarn-applications-distributedshell-2.7.6.jar:/home/ubuntu/hadoop-2.7.6/share/hadoop/yarn/hadoop-yarn-applications-unmanaged-am-launcher-2.7.6.jar:/home/ubuntu/hadoop-2.7.6/share/hadoop/yarn/hadoop-yarn-client-2.7.6.jar:/home/ubuntu/hadoop-2.7.6/share/hadoop/yarn/hadoop-yarn-common-2.7.6.jar:/home/ubuntu/hadoop-2.7.6/share/hadoop/yarn/hadoop-yarn-registry-2.7.6.jar:/home/ubuntu/hadoop-2.7.6/share/hadoop/yarn/hadoop-yarn-server-applicationhistoryservice-2.7.6.jar:/home/ubuntu/hadoop-2.7.6/share/hadoop/yarn/hadoop-yarn-server-common-2.7.6.jar:/home/ubuntu/hadoop-2.7.6/share/hadoop/yarn/hadoop-yarn-server-nodemanager-2.7.6.jar:/home/ubuntu/hadoop-2.7.6/share/hadoop/yarn/hadoop-yarn-server-resourcemanager-2.7.6.jar:/home/ubuntu/hadoop-2.7.6/share/hadoop/yarn/hadoop-yarn-server-sharedcachemanager-2.7.6.jar:/home/ubuntu/hadoop-2.7.6/share/hadoop/yarn/hadoop-yarn-server-tests-2.7.6.jar:/home/ubuntu/hadoop-2.7.6/share/hadoop/yarn/hadoop-yarn-server-web-proxy-2.7.6.jar:/home/ubuntu/hadoop-2.7.6/share/hadoop/mapreduce/lib/aopalliance-1.0.jar:/home/ubuntu/hadoop-2.7.6/share/hadoop/mapreduce/lib/asm-3.2.jar:/home/ubuntu/hadoop-2.7.6/share/hadoop/mapreduce/lib/avro-1.7.4.jar:/home/ubuntu/hadoop-2.7.6/share/hadoop/mapreduce/lib/commons-compress-1.4.1.jar:/home/ubuntu/hadoop-2.7.6/share/hadoop/mapreduce/lib/commons-io-2.4.jar:/home/ubuntu/hadoop-2.7.6/share/hadoop/mapreduce/lib/guice-3.0.jar:/home/ubuntu/hadoop-2.7.6/share/hadoop/mapreduce/lib/guice-servlet-3.0.jar:/home/ubuntu/hadoop-2.7.6/share/hadoop/mapreduce/lib/hadoop-annotations-2.7.6.jar:/home/ubuntu/hadoop-2.7.6/share/hadoop/mapreduce/lib/hamcrest-core-1.3.jar:/home/ubuntu/hadoop-2.7.6/share/hadoop/mapreduce/lib/jackson-core-asl-1.9.13.jar:/home/ubuntu/hadoop-2.7.6/share/hadoop/mapreduce/lib/jackson-mapper-asl-1.9.13.jar:/home/ubuntu/hadoop-2.7.6/share/hadoop/mapreduce/lib/javax.inject-1.jar:/home/ubuntu/hadoop-2.7.6/share/hadoop/mapreduce/lib/jersey-core-1.9.jar:/home/ubuntu/hadoop-2.7.6/share/hadoop/mapreduce/lib/jersey-guice-1.9.jar:/home/ubuntu/hadoop-2.7.6/share/hadoop/mapreduce/lib/jersey-server-1.9.jar:/home/ubuntu/hadoop-2.7.6/share/hadoop/mapreduce/lib/junit-4.11.jar:/home/ubuntu/hadoop-2.7.6/share/hadoop/mapreduce/lib/leveldbjni-all-1.8.jar:/home/ubuntu/hadoop-2.7.6/share/hadoop/mapreduce/lib/log4j-1.2.17.jar:/home/ubuntu/hadoop-2.7.6/share/hadoop/mapreduce/lib/netty-3.6.2.Final.jar:/home/ubuntu/hadoop-2.7.6/share/hadoop/mapreduce/lib/paranamer-2.3.jar:/home/ubuntu/hadoop-2.7.6/share/hadoop/mapreduce/lib/protobuf-java-2.5.0.jar:/home/ubuntu/hadoop-2.7.6/share/hadoop/mapreduce/lib/snappy-java-1.0.4.1.jar:/home/ubuntu/hadoop-2.7.6/share/hadoop/mapreduce/lib/xz-1.0.jar:/home/ubuntu/hadoop-2.7.6/modules/*.jar
STARTUP_MSG:   build = https://shv@git-wip-us.apache.org/repos/asf/hadoop.git -r 085099c66cf28be31604560c376fa282e69282b8; compiled by 'kshvachk' on 2018-04-18T01:33Z
STARTUP_MSG:   java = 1.8.0_181
************************************************************/
2018-09-23 09:54:32,463 INFO org.apache.hadoop.mapreduce.v2.hs.JobHistoryServer: registered UNIX signal handlers for [TERM, HUP, INT]
2018-09-23 09:54:34,034 INFO org.apache.hadoop.mapreduce.v2.hs.JobHistory: JobHistory Init
2018-09-23 09:54:35,306 INFO org.apache.hadoop.mapreduce.v2.jobhistory.JobHistoryUtils: Default file system [hdfs://localhost:9000]
2018-09-23 09:54:35,519 INFO org.apache.hadoop.mapreduce.v2.hs.HistoryFileManager: Perms after creating 504, Expected: 504
2018-09-23 09:54:35,574 INFO org.apache.hadoop.mapreduce.v2.jobhistory.JobHistoryUtils: Default file system [hdfs://localhost:9000]
2018-09-23 09:54:35,590 INFO org.apache.hadoop.mapreduce.v2.hs.HistoryFileManager: Perms after creating 493, Expected: 1023
2018-09-23 09:54:35,591 INFO org.apache.hadoop.mapreduce.v2.hs.HistoryFileManager: Explicitly setting permissions to : 1023, rwxrwxrwt
2018-09-23 09:54:45,627 INFO org.apache.hadoop.mapreduce.v2.hs.HistoryFileManager: Initializing Existing Jobs...
2018-09-23 09:54:45,643 INFO org.apache.hadoop.mapreduce.v2.hs.CachedHistoryStorage: CachedHistoryStorage Init
2018-09-23 09:54:45,754 INFO org.apache.hadoop.ipc.CallQueueManager: Using callQueue: class java.util.concurrent.LinkedBlockingQueue queueCapacity: 100
2018-09-23 09:54:45,765 INFO org.apache.hadoop.ipc.Server: Starting Socket Reader #1 for port 10033
2018-09-23 09:54:46,054 INFO org.apache.hadoop.metrics2.impl.MetricsConfig: loaded properties from hadoop-metrics2.properties
2018-09-23 09:54:46,672 INFO org.apache.hadoop.metrics2.impl.MetricsSystemImpl: Scheduled snapshot period at 10 second(s).
2018-09-23 09:54:46,672 INFO org.apache.hadoop.metrics2.impl.MetricsSystemImpl: JobHistoryServer metrics system started
2018-09-23 09:54:47,098 INFO org.apache.hadoop.security.token.delegation.AbstractDelegationTokenSecretManager: Updating the current master key for generating delegation tokens
2018-09-23 09:54:47,101 INFO org.apache.hadoop.security.token.delegation.AbstractDelegationTokenSecretManager: Starting expired delegation token remover thread, tokenRemoverScanInterval=60 min(s)
2018-09-23 09:54:47,101 INFO org.apache.hadoop.security.token.delegation.AbstractDelegationTokenSecretManager: Updating the current master key for generating delegation tokens
2018-09-23 09:54:47,238 INFO org.mortbay.log: Logging to org.slf4j.impl.Log4jLoggerAdapter(org.mortbay.log) via org.mortbay.log.Slf4jLog
2018-09-23 09:54:47,250 INFO org.apache.hadoop.security.authentication.server.AuthenticationFilter: Unable to initialize FileSignerSecretProvider, falling back to use random secrets.
2018-09-23 09:54:47,254 INFO org.apache.hadoop.http.HttpRequestLog: Http request log for http.requests.jobhistory is not defined
2018-09-23 09:54:47,261 INFO org.apache.hadoop.http.HttpServer2: Added global filter 'safety' (class=org.apache.hadoop.http.HttpServer2$QuotingInputFilter)
2018-09-23 09:54:47,265 INFO org.apache.hadoop.http.HttpServer2: Added filter static_user_filter (class=org.apache.hadoop.http.lib.StaticUserWebFilter$StaticUserFilter) to context jobhistory
2018-09-23 09:54:47,265 INFO org.apache.hadoop.http.HttpServer2: Added filter static_user_filter (class=org.apache.hadoop.http.lib.StaticUserWebFilter$StaticUserFilter) to context logs
2018-09-23 09:54:47,265 INFO org.apache.hadoop.http.HttpServer2: Added filter static_user_filter (class=org.apache.hadoop.http.lib.StaticUserWebFilter$StaticUserFilter) to context static
2018-09-23 09:54:47,270 INFO org.apache.hadoop.http.HttpServer2: adding path spec: /jobhistory/*
2018-09-23 09:54:47,270 INFO org.apache.hadoop.http.HttpServer2: adding path spec: /ws/*
2018-09-23 09:54:47,870 INFO org.apache.hadoop.yarn.webapp.WebApps: Registered webapp guice modules
2018-09-23 09:54:47,877 INFO org.apache.hadoop.http.HttpServer2: Jetty bound to port 19888
2018-09-23 09:54:47,877 INFO org.mortbay.log: jetty-6.1.26
2018-09-23 09:54:47,933 INFO org.mortbay.log: Extract jar:file:/home/ubuntu/hadoop-2.7.6/share/hadoop/yarn/hadoop-yarn-common-2.7.6.jar!/webapps/jobhistory to /tmp/Jetty_0_0_0_0_19888_jobhistory____.djq1tw/webapp
2018-09-23 09:54:49,714 INFO org.mortbay.log: Started HttpServer2$SelectChannelConnectorWithSafeStartup@0.0.0.0:19888
2018-09-23 09:54:49,714 INFO org.apache.hadoop.yarn.webapp.WebApps: Web app jobhistory started at 19888
2018-09-23 09:54:49,741 INFO org.apache.hadoop.ipc.CallQueueManager: Using callQueue: class java.util.concurrent.LinkedBlockingQueue queueCapacity: 1000
2018-09-23 09:54:49,752 INFO org.apache.hadoop.ipc.Server: Starting Socket Reader #1 for port 10020
2018-09-23 09:54:49,770 INFO org.apache.hadoop.yarn.factories.impl.pb.RpcServerFactoryPBImpl: Adding protocol org.apache.hadoop.mapreduce.v2.api.HSClientProtocolPB to the server
2018-09-23 09:54:49,774 INFO org.apache.hadoop.ipc.Server: IPC Server Responder: starting
2018-09-23 09:54:49,835 INFO org.apache.hadoop.mapreduce.v2.hs.HistoryClientService: Instantiated HistoryClientService at ip-172-31-87-173.ec2.internal/172.31.87.173:10020
2018-09-23 09:54:49,835 INFO org.apache.hadoop.ipc.Server: IPC Server listener on 10020: starting
2018-09-23 09:54:49,835 INFO org.apache.hadoop.ipc.Server: IPC Server Responder: starting
2018-09-23 09:54:49,836 INFO org.apache.hadoop.ipc.Server: IPC Server listener on 10033: starting
2018-09-23 09:55:17,102 INFO org.apache.hadoop.mapreduce.v2.hs.JobHistory: History Cleaner started
2018-09-23 09:55:17,108 INFO org.apache.hadoop.mapreduce.v2.hs.JobHistory: History Cleaner complete
2018-09-23 09:57:16,061 INFO org.apache.hadoop.yarn.webapp.View: Getting list of all Jobs.
2018-09-23 09:57:47,101 INFO org.apache.hadoop.mapreduce.v2.hs.JobHistory: Starting scan to move intermediate done files
2018-09-23 10:00:47,101 INFO org.apache.hadoop.mapreduce.v2.hs.JobHistory: Starting scan to move intermediate done files
2018-09-23 10:00:47,109 ERROR org.apache.hadoop.mapreduce.v2.hs.JobHistory: Error while scanning intermediate done dir 
java.net.ConnectException: Call From ip-172-31-87-173.ec2.internal/172.31.87.173 to localhost:9000 failed on connection exception: java.net.ConnectException: Connection refused; For more details see:  http://wiki.apache.org/hadoop/ConnectionRefused
	at sun.reflect.NativeConstructorAccessorImpl.newInstance0(Native Method)
	at sun.reflect.NativeConstructorAccessorImpl.newInstance(NativeConstructorAccessorImpl.java:62)
	at sun.reflect.DelegatingConstructorAccessorImpl.newInstance(DelegatingConstructorAccessorImpl.java:45)
	at java.lang.reflect.Constructor.newInstance(Constructor.java:423)
	at org.apache.hadoop.net.NetUtils.wrapWithMessage(NetUtils.java:792)
	at org.apache.hadoop.net.NetUtils.wrapException(NetUtils.java:732)
	at org.apache.hadoop.ipc.Client.call(Client.java:1480)
	at org.apache.hadoop.ipc.Client.call(Client.java:1413)
	at org.apache.hadoop.ipc.ProtobufRpcEngine$Invoker.invoke(ProtobufRpcEngine.java:229)
	at com.sun.proxy.$Proxy9.getListing(Unknown Source)
	at org.apache.hadoop.hdfs.protocolPB.ClientNamenodeProtocolTranslatorPB.getListing(ClientNamenodeProtocolTranslatorPB.java:578)
	at sun.reflect.NativeMethodAccessorImpl.invoke0(Native Method)
	at sun.reflect.NativeMethodAccessorImpl.invoke(NativeMethodAccessorImpl.java:62)
	at sun.reflect.DelegatingMethodAccessorImpl.invoke(DelegatingMethodAccessorImpl.java:43)
	at java.lang.reflect.Method.invoke(Method.java:498)
	at org.apache.hadoop.io.retry.RetryInvocationHandler.invokeMethod(RetryInvocationHandler.java:191)
	at org.apache.hadoop.io.retry.RetryInvocationHandler.invoke(RetryInvocationHandler.java:102)
	at com.sun.proxy.$Proxy10.getListing(Unknown Source)
	at org.apache.hadoop.hdfs.DFSClient.listPaths(DFSClient.java:2095)
	at org.apache.hadoop.fs.Hdfs$DirListingIterator.<init>(Hdfs.java:214)
	at org.apache.hadoop.fs.Hdfs$DirListingIterator.<init>(Hdfs.java:201)
	at org.apache.hadoop.fs.Hdfs$2.<init>(Hdfs.java:183)
	at org.apache.hadoop.fs.Hdfs.listStatusIterator(Hdfs.java:183)
	at org.apache.hadoop.fs.FileContext$22.next(FileContext.java:1494)
	at org.apache.hadoop.fs.FileContext$22.next(FileContext.java:1489)
	at org.apache.hadoop.fs.FSLinkResolver.resolve(FSLinkResolver.java:90)
	at org.apache.hadoop.fs.FileContext.listStatus(FileContext.java:1496)
	at org.apache.hadoop.mapreduce.v2.jobhistory.JobHistoryUtils.listFilteredStatus(JobHistoryUtils.java:505)
	at org.apache.hadoop.mapreduce.v2.jobhistory.JobHistoryUtils.localGlobber(JobHistoryUtils.java:452)
	at org.apache.hadoop.mapreduce.v2.jobhistory.JobHistoryUtils.localGlobber(JobHistoryUtils.java:444)
	at org.apache.hadoop.mapreduce.v2.jobhistory.JobHistoryUtils.localGlobber(JobHistoryUtils.java:439)
	at org.apache.hadoop.mapreduce.v2.hs.HistoryFileManager.scanIntermediateDirectory(HistoryFileManager.java:839)
	at org.apache.hadoop.mapreduce.v2.hs.JobHistory$MoveIntermediateToDoneRunnable.run(JobHistory.java:189)
	at java.util.concurrent.Executors$RunnableAdapter.call(Executors.java:511)
	at java.util.concurrent.FutureTask.runAndReset(FutureTask.java:308)
	at java.util.concurrent.ScheduledThreadPoolExecutor$ScheduledFutureTask.access$301(ScheduledThreadPoolExecutor.java:180)
	at java.util.concurrent.ScheduledThreadPoolExecutor$ScheduledFutureTask.run(ScheduledThreadPoolExecutor.java:294)
	at java.util.concurrent.ThreadPoolExecutor.runWorker(ThreadPoolExecutor.java:1149)
	at java.util.concurrent.ThreadPoolExecutor$Worker.run(ThreadPoolExecutor.java:624)
	at java.lang.Thread.run(Thread.java:748)
Caused by: java.net.ConnectException: Connection refused
	at sun.nio.ch.SocketChannelImpl.checkConnect(Native Method)
	at sun.nio.ch.SocketChannelImpl.finishConnect(SocketChannelImpl.java:717)
	at org.apache.hadoop.net.SocketIOWithTimeout.connect(SocketIOWithTimeout.java:206)
	at org.apache.hadoop.net.NetUtils.connect(NetUtils.java:531)
	at org.apache.hadoop.net.NetUtils.connect(NetUtils.java:495)
	at org.apache.hadoop.ipc.Client$Connection.setupConnection(Client.java:615)
	at org.apache.hadoop.ipc.Client$Connection.setupIOstreams(Client.java:713)
	at org.apache.hadoop.ipc.Client$Connection.access$2900(Client.java:376)
	at org.apache.hadoop.ipc.Client.getConnection(Client.java:1529)
	at org.apache.hadoop.ipc.Client.call(Client.java:1452)
	... 33 more
2018-09-23 10:01:21,391 ERROR org.apache.hadoop.mapreduce.v2.hs.JobHistoryServer: RECEIVED SIGNAL 15: SIGTERM
2018-09-23 10:01:21,392 INFO org.apache.hadoop.metrics2.impl.MetricsSystemImpl: Stopping JobHistoryServer metrics system...
2018-09-23 10:01:21,393 INFO org.apache.hadoop.metrics2.impl.MetricsSystemImpl: JobHistoryServer metrics system stopped.
2018-09-23 10:01:21,393 INFO org.apache.hadoop.metrics2.impl.MetricsSystemImpl: JobHistoryServer metrics system shutdown complete.
2018-09-23 10:01:21,395 INFO org.apache.hadoop.ipc.Server: Stopping server on 10033
2018-09-23 10:01:21,396 INFO org.apache.hadoop.ipc.Server: Stopping IPC Server listener on 10033
2018-09-23 10:01:21,399 INFO org.apache.hadoop.ipc.Server: Stopping server on 10020
2018-09-23 10:01:21,401 INFO org.apache.hadoop.ipc.Server: Stopping IPC Server Responder
2018-09-23 10:01:21,402 INFO org.apache.hadoop.ipc.Server: Stopping IPC Server listener on 10020
2018-09-23 10:01:21,409 INFO org.apache.hadoop.ipc.Server: Stopping IPC Server Responder
2018-09-23 10:01:21,415 INFO org.mortbay.log: Stopped HttpServer2$SelectChannelConnectorWithSafeStartup@0.0.0.0:19888
2018-09-23 10:01:21,415 INFO org.apache.hadoop.mapreduce.v2.hs.JobHistory: Stopping JobHistory
2018-09-23 10:01:21,415 INFO org.apache.hadoop.mapreduce.v2.hs.JobHistory: Stopping History Cleaner/Move To Done
2018-09-23 10:01:21,416 ERROR org.apache.hadoop.security.token.delegation.AbstractDelegationTokenSecretManager: ExpiredTokenRemover received java.lang.InterruptedException: sleep interrupted
2018-09-23 10:01:21,417 INFO org.apache.hadoop.mapreduce.v2.hs.JobHistoryServer: SHUTDOWN_MSG: 
/************************************************************
SHUTDOWN_MSG: Shutting down JobHistoryServer at ip-172-31-87-173.ec2.internal/172.31.87.173
************************************************************/
2018-09-23 10:01:53,430 INFO org.apache.hadoop.mapreduce.v2.hs.JobHistoryServer: STARTUP_MSG: 
/************************************************************
STARTUP_MSG: Starting JobHistoryServer
STARTUP_MSG:   host = ip-172-31-87-173.ec2.internal/172.31.87.173
STARTUP_MSG:   args = []
STARTUP_MSG:   version = 2.7.6
STARTUP_MSG:   classpath = /home/ubuntu/hadoop-2.7.6/etc/hadoop:/home/ubuntu/hadoop-2.7.6/share/hadoop/common/lib/jersey-core-1.9.jar:/home/ubuntu/hadoop-2.7.6/share/hadoop/common/lib/jsch-0.1.54.jar:/home/ubuntu/hadoop-2.7.6/share/hadoop/common/lib/curator-framework-2.7.1.jar:/home/ubuntu/hadoop-2.7.6/share/hadoop/common/lib/jsp-api-2.1.jar:/home/ubuntu/hadoop-2.7.6/share/hadoop/common/lib/commons-net-3.1.jar:/home/ubuntu/hadoop-2.7.6/share/hadoop/common/lib/junit-4.11.jar:/home/ubuntu/hadoop-2.7.6/share/hadoop/common/lib/servlet-api-2.5.jar:/home/ubuntu/hadoop-2.7.6/share/hadoop/common/lib/jersey-json-1.9.jar:/home/ubuntu/hadoop-2.7.6/share/hadoop/common/lib/curator-client-2.7.1.jar:/home/ubuntu/hadoop-2.7.6/share/hadoop/common/lib/commons-math3-3.1.1.jar:/home/ubuntu/hadoop-2.7.6/share/hadoop/common/lib/commons-codec-1.4.jar:/home/ubuntu/hadoop-2.7.6/share/hadoop/common/lib/jsr305-3.0.0.jar:/home/ubuntu/hadoop-2.7.6/share/hadoop/common/lib/jackson-mapper-asl-1.9.13.jar:/home/ubuntu/hadoop-2.7.6/share/hadoop/common/lib/jets3t-0.9.0.jar:/home/ubuntu/hadoop-2.7.6/share/hadoop/common/lib/jackson-jaxrs-1.9.13.jar:/home/ubuntu/hadoop-2.7.6/share/hadoop/common/lib/commons-beanutils-1.7.0.jar:/home/ubuntu/hadoop-2.7.6/share/hadoop/common/lib/paranamer-2.3.jar:/home/ubuntu/hadoop-2.7.6/share/hadoop/common/lib/log4j-1.2.17.jar:/home/ubuntu/hadoop-2.7.6/share/hadoop/common/lib/jaxb-impl-2.2.3-1.jar:/home/ubuntu/hadoop-2.7.6/share/hadoop/common/lib/slf4j-log4j12-1.7.10.jar:/home/ubuntu/hadoop-2.7.6/share/hadoop/common/lib/avro-1.7.4.jar:/home/ubuntu/hadoop-2.7.6/share/hadoop/common/lib/jaxb-api-2.2.2.jar:/home/ubuntu/hadoop-2.7.6/share/hadoop/common/lib/commons-compress-1.4.1.jar:/home/ubuntu/hadoop-2.7.6/share/hadoop/common/lib/commons-lang-2.6.jar:/home/ubuntu/hadoop-2.7.6/share/hadoop/common/lib/commons-digester-1.8.jar:/home/ubuntu/hadoop-2.7.6/share/hadoop/common/lib/commons-cli-1.2.jar:/home/ubuntu/hadoop-2.7.6/share/hadoop/common/lib/commons-configuration-1.6.jar:/home/ubuntu/hadoop-2.7.6/share/hadoop/common/lib/mockito-all-1.8.5.jar:/home/ubuntu/hadoop-2.7.6/share/hadoop/common/lib/zookeeper-3.4.6.jar:/home/ubuntu/hadoop-2.7.6/share/hadoop/common/lib/jackson-core-asl-1.9.13.jar:/home/ubuntu/hadoop-2.7.6/share/hadoop/common/lib/slf4j-api-1.7.10.jar:/home/ubuntu/hadoop-2.7.6/share/hadoop/common/lib/api-asn1-api-1.0.0-M20.jar:/home/ubuntu/hadoop-2.7.6/share/hadoop/common/lib/apacheds-i18n-2.0.0-M15.jar:/home/ubuntu/hadoop-2.7.6/share/hadoop/common/lib/curator-recipes-2.7.1.jar:/home/ubuntu/hadoop-2.7.6/share/hadoop/common/lib/asm-3.2.jar:/home/ubuntu/hadoop-2.7.6/share/hadoop/common/lib/stax-api-1.0-2.jar:/home/ubuntu/hadoop-2.7.6/share/hadoop/common/lib/gson-2.2.4.jar:/home/ubuntu/hadoop-2.7.6/share/hadoop/common/lib/hamcrest-core-1.3.jar:/home/ubuntu/hadoop-2.7.6/share/hadoop/common/lib/apacheds-kerberos-codec-2.0.0-M15.jar:/home/ubuntu/hadoop-2.7.6/share/hadoop/common/lib/commons-collections-3.2.2.jar:/home/ubuntu/hadoop-2.7.6/share/hadoop/common/lib/htrace-core-3.1.0-incubating.jar:/home/ubuntu/hadoop-2.7.6/share/hadoop/common/lib/jetty-sslengine-6.1.26.jar:/home/ubuntu/hadoop-2.7.6/share/hadoop/common/lib/httpcore-4.2.5.jar:/home/ubuntu/hadoop-2.7.6/share/hadoop/common/lib/xz-1.0.jar:/home/ubuntu/hadoop-2.7.6/share/hadoop/common/lib/snappy-java-1.0.4.1.jar:/home/ubuntu/hadoop-2.7.6/share/hadoop/common/lib/api-util-1.0.0-M20.jar:/home/ubuntu/hadoop-2.7.6/share/hadoop/common/lib/commons-httpclient-3.1.jar:/home/ubuntu/hadoop-2.7.6/share/hadoop/common/lib/protobuf-java-2.5.0.jar:/home/ubuntu/hadoop-2.7.6/share/hadoop/common/lib/commons-beanutils-core-1.8.0.jar:/home/ubuntu/hadoop-2.7.6/share/hadoop/common/lib/httpclient-4.2.5.jar:/home/ubuntu/hadoop-2.7.6/share/hadoop/common/lib/hadoop-annotations-2.7.6.jar:/home/ubuntu/hadoop-2.7.6/share/hadoop/common/lib/commons-logging-1.1.3.jar:/home/ubuntu/hadoop-2.7.6/share/hadoop/common/lib/netty-3.6.2.Final.jar:/home/ubuntu/hadoop-2.7.6/share/hadoop/common/lib/guava-11.0.2.jar:/home/ubuntu/hadoop-2.7.6/share/hadoop/common/lib/jetty-6.1.26.jar:/home/ubuntu/hadoop-2.7.6/share/hadoop/common/lib/commons-io-2.4.jar:/home/ubuntu/hadoop-2.7.6/share/hadoop/common/lib/jackson-xc-1.9.13.jar:/home/ubuntu/hadoop-2.7.6/share/hadoop/common/lib/xmlenc-0.52.jar:/home/ubuntu/hadoop-2.7.6/share/hadoop/common/lib/java-xmlbuilder-0.4.jar:/home/ubuntu/hadoop-2.7.6/share/hadoop/common/lib/activation-1.1.jar:/home/ubuntu/hadoop-2.7.6/share/hadoop/common/lib/jetty-util-6.1.26.jar:/home/ubuntu/hadoop-2.7.6/share/hadoop/common/lib/jersey-server-1.9.jar:/home/ubuntu/hadoop-2.7.6/share/hadoop/common/lib/jettison-1.1.jar:/home/ubuntu/hadoop-2.7.6/share/hadoop/common/lib/hadoop-auth-2.7.6.jar:/home/ubuntu/hadoop-2.7.6/share/hadoop/common/hadoop-common-2.7.6-tests.jar:/home/ubuntu/hadoop-2.7.6/share/hadoop/common/hadoop-nfs-2.7.6.jar:/home/ubuntu/hadoop-2.7.6/share/hadoop/common/hadoop-common-2.7.6.jar:/home/ubuntu/hadoop-2.7.6/share/hadoop/hdfs:/home/ubuntu/hadoop-2.7.6/share/hadoop/hdfs/lib/jersey-core-1.9.jar:/home/ubuntu/hadoop-2.7.6/share/hadoop/hdfs/lib/commons-daemon-1.0.13.jar:/home/ubuntu/hadoop-2.7.6/share/hadoop/hdfs/lib/servlet-api-2.5.jar:/home/ubuntu/hadoop-2.7.6/share/hadoop/hdfs/lib/commons-codec-1.4.jar:/home/ubuntu/hadoop-2.7.6/share/hadoop/hdfs/lib/jsr305-3.0.0.jar:/home/ubuntu/hadoop-2.7.6/share/hadoop/hdfs/lib/leveldbjni-all-1.8.jar:/home/ubuntu/hadoop-2.7.6/share/hadoop/hdfs/lib/jackson-mapper-asl-1.9.13.jar:/home/ubuntu/hadoop-2.7.6/share/hadoop/hdfs/lib/log4j-1.2.17.jar:/home/ubuntu/hadoop-2.7.6/share/hadoop/hdfs/lib/commons-lang-2.6.jar:/home/ubuntu/hadoop-2.7.6/share/hadoop/hdfs/lib/commons-cli-1.2.jar:/home/ubuntu/hadoop-2.7.6/share/hadoop/hdfs/lib/jackson-core-asl-1.9.13.jar:/home/ubuntu/hadoop-2.7.6/share/hadoop/hdfs/lib/asm-3.2.jar:/home/ubuntu/hadoop-2.7.6/share/hadoop/hdfs/lib/xercesImpl-2.9.1.jar:/home/ubuntu/hadoop-2.7.6/share/hadoop/hdfs/lib/htrace-core-3.1.0-incubating.jar:/home/ubuntu/hadoop-2.7.6/share/hadoop/hdfs/lib/netty-all-4.0.23.Final.jar:/home/ubuntu/hadoop-2.7.6/share/hadoop/hdfs/lib/protobuf-java-2.5.0.jar:/home/ubuntu/hadoop-2.7.6/share/hadoop/hdfs/lib/commons-logging-1.1.3.jar:/home/ubuntu/hadoop-2.7.6/share/hadoop/hdfs/lib/netty-3.6.2.Final.jar:/home/ubuntu/hadoop-2.7.6/share/hadoop/hdfs/lib/guava-11.0.2.jar:/home/ubuntu/hadoop-2.7.6/share/hadoop/hdfs/lib/xml-apis-1.3.04.jar:/home/ubuntu/hadoop-2.7.6/share/hadoop/hdfs/lib/jetty-6.1.26.jar:/home/ubuntu/hadoop-2.7.6/share/hadoop/hdfs/lib/commons-io-2.4.jar:/home/ubuntu/hadoop-2.7.6/share/hadoop/hdfs/lib/xmlenc-0.52.jar:/home/ubuntu/hadoop-2.7.6/share/hadoop/hdfs/lib/jetty-util-6.1.26.jar:/home/ubuntu/hadoop-2.7.6/share/hadoop/hdfs/lib/jersey-server-1.9.jar:/home/ubuntu/hadoop-2.7.6/share/hadoop/hdfs/hadoop-hdfs-2.7.6-tests.jar:/home/ubuntu/hadoop-2.7.6/share/hadoop/hdfs/hadoop-hdfs-nfs-2.7.6.jar:/home/ubuntu/hadoop-2.7.6/share/hadoop/hdfs/hadoop-hdfs-2.7.6.jar:/home/ubuntu/hadoop-2.7.6/share/hadoop/yarn/lib/jersey-core-1.9.jar:/home/ubuntu/hadoop-2.7.6/share/hadoop/yarn/lib/guice-3.0.jar:/home/ubuntu/hadoop-2.7.6/share/hadoop/yarn/lib/jersey-guice-1.9.jar:/home/ubuntu/hadoop-2.7.6/share/hadoop/yarn/lib/javax.inject-1.jar:/home/ubuntu/hadoop-2.7.6/share/hadoop/yarn/lib/servlet-api-2.5.jar:/home/ubuntu/hadoop-2.7.6/share/hadoop/yarn/lib/jersey-json-1.9.jar:/home/ubuntu/hadoop-2.7.6/share/hadoop/yarn/lib/commons-codec-1.4.jar:/home/ubuntu/hadoop-2.7.6/share/hadoop/yarn/lib/jsr305-3.0.0.jar:/home/ubuntu/hadoop-2.7.6/share/hadoop/yarn/lib/leveldbjni-all-1.8.jar:/home/ubuntu/hadoop-2.7.6/share/hadoop/yarn/lib/jackson-mapper-asl-1.9.13.jar:/home/ubuntu/hadoop-2.7.6/share/hadoop/yarn/lib/jackson-jaxrs-1.9.13.jar:/home/ubuntu/hadoop-2.7.6/share/hadoop/yarn/lib/aopalliance-1.0.jar:/home/ubuntu/hadoop-2.7.6/share/hadoop/yarn/lib/log4j-1.2.17.jar:/home/ubuntu/hadoop-2.7.6/share/hadoop/yarn/lib/jaxb-impl-2.2.3-1.jar:/home/ubuntu/hadoop-2.7.6/share/hadoop/yarn/lib/jaxb-api-2.2.2.jar:/home/ubuntu/hadoop-2.7.6/share/hadoop/yarn/lib/commons-compress-1.4.1.jar:/home/ubuntu/hadoop-2.7.6/share/hadoop/yarn/lib/commons-lang-2.6.jar:/home/ubuntu/hadoop-2.7.6/share/hadoop/yarn/lib/commons-cli-1.2.jar:/home/ubuntu/hadoop-2.7.6/share/hadoop/yarn/lib/jersey-client-1.9.jar:/home/ubuntu/hadoop-2.7.6/share/hadoop/yarn/lib/zookeeper-3.4.6.jar:/home/ubuntu/hadoop-2.7.6/share/hadoop/yarn/lib/jackson-core-asl-1.9.13.jar:/home/ubuntu/hadoop-2.7.6/share/hadoop/yarn/lib/asm-3.2.jar:/home/ubuntu/hadoop-2.7.6/share/hadoop/yarn/lib/stax-api-1.0-2.jar:/home/ubuntu/hadoop-2.7.6/share/hadoop/yarn/lib/commons-collections-3.2.2.jar:/home/ubuntu/hadoop-2.7.6/share/hadoop/yarn/lib/xz-1.0.jar:/home/ubuntu/hadoop-2.7.6/share/hadoop/yarn/lib/guice-servlet-3.0.jar:/home/ubuntu/hadoop-2.7.6/share/hadoop/yarn/lib/zookeeper-3.4.6-tests.jar:/home/ubuntu/hadoop-2.7.6/share/hadoop/yarn/lib/protobuf-java-2.5.0.jar:/home/ubuntu/hadoop-2.7.6/share/hadoop/yarn/lib/commons-logging-1.1.3.jar:/home/ubuntu/hadoop-2.7.6/share/hadoop/yarn/lib/netty-3.6.2.Final.jar:/home/ubuntu/hadoop-2.7.6/share/hadoop/yarn/lib/guava-11.0.2.jar:/home/ubuntu/hadoop-2.7.6/share/hadoop/yarn/lib/jetty-6.1.26.jar:/home/ubuntu/hadoop-2.7.6/share/hadoop/yarn/lib/commons-io-2.4.jar:/home/ubuntu/hadoop-2.7.6/share/hadoop/yarn/lib/jackson-xc-1.9.13.jar:/home/ubuntu/hadoop-2.7.6/share/hadoop/yarn/lib/activation-1.1.jar:/home/ubuntu/hadoop-2.7.6/share/hadoop/yarn/lib/jetty-util-6.1.26.jar:/home/ubuntu/hadoop-2.7.6/share/hadoop/yarn/lib/jersey-server-1.9.jar:/home/ubuntu/hadoop-2.7.6/share/hadoop/yarn/lib/jettison-1.1.jar:/home/ubuntu/hadoop-2.7.6/share/hadoop/yarn/hadoop-yarn-common-2.7.6.jar:/home/ubuntu/hadoop-2.7.6/share/hadoop/yarn/hadoop-yarn-server-sharedcachemanager-2.7.6.jar:/home/ubuntu/hadoop-2.7.6/share/hadoop/yarn/hadoop-yarn-api-2.7.6.jar:/home/ubuntu/hadoop-2.7.6/share/hadoop/yarn/hadoop-yarn-applications-unmanaged-am-launcher-2.7.6.jar:/home/ubuntu/hadoop-2.7.6/share/hadoop/yarn/hadoop-yarn-server-tests-2.7.6.jar:/home/ubuntu/hadoop-2.7.6/share/hadoop/yarn/hadoop-yarn-registry-2.7.6.jar:/home/ubuntu/hadoop-2.7.6/share/hadoop/yarn/hadoop-yarn-server-common-2.7.6.jar:/home/ubuntu/hadoop-2.7.6/share/hadoop/yarn/hadoop-yarn-client-2.7.6.jar:/home/ubuntu/hadoop-2.7.6/share/hadoop/yarn/hadoop-yarn-server-applicationhistoryservice-2.7.6.jar:/home/ubuntu/hadoop-2.7.6/share/hadoop/yarn/hadoop-yarn-server-nodemanager-2.7.6.jar:/home/ubuntu/hadoop-2.7.6/share/hadoop/yarn/hadoop-yarn-applications-distributedshell-2.7.6.jar:/home/ubuntu/hadoop-2.7.6/share/hadoop/yarn/hadoop-yarn-server-web-proxy-2.7.6.jar:/home/ubuntu/hadoop-2.7.6/share/hadoop/yarn/hadoop-yarn-server-resourcemanager-2.7.6.jar:/home/ubuntu/hadoop-2.7.6/share/hadoop/mapreduce/lib/jersey-core-1.9.jar:/home/ubuntu/hadoop-2.7.6/share/hadoop/mapreduce/lib/guice-3.0.jar:/home/ubuntu/hadoop-2.7.6/share/hadoop/mapreduce/lib/jersey-guice-1.9.jar:/home/ubuntu/hadoop-2.7.6/share/hadoop/mapreduce/lib/javax.inject-1.jar:/home/ubuntu/hadoop-2.7.6/share/hadoop/mapreduce/lib/junit-4.11.jar:/home/ubuntu/hadoop-2.7.6/share/hadoop/mapreduce/lib/leveldbjni-all-1.8.jar:/home/ubuntu/hadoop-2.7.6/share/hadoop/mapreduce/lib/jackson-mapper-asl-1.9.13.jar:/home/ubuntu/hadoop-2.7.6/share/hadoop/mapreduce/lib/paranamer-2.3.jar:/home/ubuntu/hadoop-2.7.6/share/hadoop/mapreduce/lib/aopalliance-1.0.jar:/home/ubuntu/hadoop-2.7.6/share/hadoop/mapreduce/lib/log4j-1.2.17.jar:/home/ubuntu/hadoop-2.7.6/share/hadoop/mapreduce/lib/avro-1.7.4.jar:/home/ubuntu/hadoop-2.7.6/share/hadoop/mapreduce/lib/commons-compress-1.4.1.jar:/home/ubuntu/hadoop-2.7.6/share/hadoop/mapreduce/lib/jackson-core-asl-1.9.13.jar:/home/ubuntu/hadoop-2.7.6/share/hadoop/mapreduce/lib/asm-3.2.jar:/home/ubuntu/hadoop-2.7.6/share/hadoop/mapreduce/lib/hamcrest-core-1.3.jar:/home/ubuntu/hadoop-2.7.6/share/hadoop/mapreduce/lib/xz-1.0.jar:/home/ubuntu/hadoop-2.7.6/share/hadoop/mapreduce/lib/snappy-java-1.0.4.1.jar:/home/ubuntu/hadoop-2.7.6/share/hadoop/mapreduce/lib/guice-servlet-3.0.jar:/home/ubuntu/hadoop-2.7.6/share/hadoop/mapreduce/lib/protobuf-java-2.5.0.jar:/home/ubuntu/hadoop-2.7.6/share/hadoop/mapreduce/lib/hadoop-annotations-2.7.6.jar:/home/ubuntu/hadoop-2.7.6/share/hadoop/mapreduce/lib/netty-3.6.2.Final.jar:/home/ubuntu/hadoop-2.7.6/share/hadoop/mapreduce/lib/commons-io-2.4.jar:/home/ubuntu/hadoop-2.7.6/share/hadoop/mapreduce/lib/jersey-server-1.9.jar:/home/ubuntu/hadoop-2.7.6/share/hadoop/mapreduce/hadoop-mapreduce-client-hs-plugins-2.7.6.jar:/home/ubuntu/hadoop-2.7.6/share/hadoop/mapreduce/hadoop-mapreduce-client-app-2.7.6.jar:/home/ubuntu/hadoop-2.7.6/share/hadoop/mapreduce/hadoop-mapreduce-client-common-2.7.6.jar:/home/ubuntu/hadoop-2.7.6/share/hadoop/mapreduce/hadoop-mapreduce-client-jobclient-2.7.6-tests.jar:/home/ubuntu/hadoop-2.7.6/share/hadoop/mapreduce/hadoop-mapreduce-client-core-2.7.6.jar:/home/ubuntu/hadoop-2.7.6/share/hadoop/mapreduce/hadoop-mapreduce-client-shuffle-2.7.6.jar:/home/ubuntu/hadoop-2.7.6/share/hadoop/mapreduce/hadoop-mapreduce-client-jobclient-2.7.6.jar:/home/ubuntu/hadoop-2.7.6/share/hadoop/mapreduce/hadoop-mapreduce-client-hs-2.7.6.jar:/home/ubuntu/hadoop-2.7.6/share/hadoop/mapreduce/hadoop-mapreduce-examples-2.7.6.jar:/contrib/capacity-scheduler/*.jar:/contrib/capacity-scheduler/*.jar:/home/ubuntu/hadoop-2.7.6/share/hadoop/mapreduce/hadoop-mapreduce-client-app-2.7.6.jar:/home/ubuntu/hadoop-2.7.6/share/hadoop/mapreduce/hadoop-mapreduce-client-common-2.7.6.jar:/home/ubuntu/hadoop-2.7.6/share/hadoop/mapreduce/hadoop-mapreduce-client-core-2.7.6.jar:/home/ubuntu/hadoop-2.7.6/share/hadoop/mapreduce/hadoop-mapreduce-client-hs-2.7.6.jar:/home/ubuntu/hadoop-2.7.6/share/hadoop/mapreduce/hadoop-mapreduce-client-hs-plugins-2.7.6.jar:/home/ubuntu/hadoop-2.7.6/share/hadoop/mapreduce/hadoop-mapreduce-client-jobclient-2.7.6.jar:/home/ubuntu/hadoop-2.7.6/share/hadoop/mapreduce/hadoop-mapreduce-client-jobclient-2.7.6-tests.jar:/home/ubuntu/hadoop-2.7.6/share/hadoop/mapreduce/hadoop-mapreduce-client-shuffle-2.7.6.jar:/home/ubuntu/hadoop-2.7.6/share/hadoop/mapreduce/hadoop-mapreduce-examples-2.7.6.jar:/home/ubuntu/hadoop-2.7.6/share/hadoop/yarn/hadoop-yarn-api-2.7.6.jar:/home/ubuntu/hadoop-2.7.6/share/hadoop/yarn/hadoop-yarn-applications-distributedshell-2.7.6.jar:/home/ubuntu/hadoop-2.7.6/share/hadoop/yarn/hadoop-yarn-applications-unmanaged-am-launcher-2.7.6.jar:/home/ubuntu/hadoop-2.7.6/share/hadoop/yarn/hadoop-yarn-client-2.7.6.jar:/home/ubuntu/hadoop-2.7.6/share/hadoop/yarn/hadoop-yarn-common-2.7.6.jar:/home/ubuntu/hadoop-2.7.6/share/hadoop/yarn/hadoop-yarn-registry-2.7.6.jar:/home/ubuntu/hadoop-2.7.6/share/hadoop/yarn/hadoop-yarn-server-applicationhistoryservice-2.7.6.jar:/home/ubuntu/hadoop-2.7.6/share/hadoop/yarn/hadoop-yarn-server-common-2.7.6.jar:/home/ubuntu/hadoop-2.7.6/share/hadoop/yarn/hadoop-yarn-server-nodemanager-2.7.6.jar:/home/ubuntu/hadoop-2.7.6/share/hadoop/yarn/hadoop-yarn-server-resourcemanager-2.7.6.jar:/home/ubuntu/hadoop-2.7.6/share/hadoop/yarn/hadoop-yarn-server-sharedcachemanager-2.7.6.jar:/home/ubuntu/hadoop-2.7.6/share/hadoop/yarn/hadoop-yarn-server-tests-2.7.6.jar:/home/ubuntu/hadoop-2.7.6/share/hadoop/yarn/hadoop-yarn-server-web-proxy-2.7.6.jar:/home/ubuntu/hadoop-2.7.6/share/hadoop/mapreduce/lib/aopalliance-1.0.jar:/home/ubuntu/hadoop-2.7.6/share/hadoop/mapreduce/lib/asm-3.2.jar:/home/ubuntu/hadoop-2.7.6/share/hadoop/mapreduce/lib/avro-1.7.4.jar:/home/ubuntu/hadoop-2.7.6/share/hadoop/mapreduce/lib/commons-compress-1.4.1.jar:/home/ubuntu/hadoop-2.7.6/share/hadoop/mapreduce/lib/commons-io-2.4.jar:/home/ubuntu/hadoop-2.7.6/share/hadoop/mapreduce/lib/guice-3.0.jar:/home/ubuntu/hadoop-2.7.6/share/hadoop/mapreduce/lib/guice-servlet-3.0.jar:/home/ubuntu/hadoop-2.7.6/share/hadoop/mapreduce/lib/hadoop-annotations-2.7.6.jar:/home/ubuntu/hadoop-2.7.6/share/hadoop/mapreduce/lib/hamcrest-core-1.3.jar:/home/ubuntu/hadoop-2.7.6/share/hadoop/mapreduce/lib/jackson-core-asl-1.9.13.jar:/home/ubuntu/hadoop-2.7.6/share/hadoop/mapreduce/lib/jackson-mapper-asl-1.9.13.jar:/home/ubuntu/hadoop-2.7.6/share/hadoop/mapreduce/lib/javax.inject-1.jar:/home/ubuntu/hadoop-2.7.6/share/hadoop/mapreduce/lib/jersey-core-1.9.jar:/home/ubuntu/hadoop-2.7.6/share/hadoop/mapreduce/lib/jersey-guice-1.9.jar:/home/ubuntu/hadoop-2.7.6/share/hadoop/mapreduce/lib/jersey-server-1.9.jar:/home/ubuntu/hadoop-2.7.6/share/hadoop/mapreduce/lib/junit-4.11.jar:/home/ubuntu/hadoop-2.7.6/share/hadoop/mapreduce/lib/leveldbjni-all-1.8.jar:/home/ubuntu/hadoop-2.7.6/share/hadoop/mapreduce/lib/log4j-1.2.17.jar:/home/ubuntu/hadoop-2.7.6/share/hadoop/mapreduce/lib/netty-3.6.2.Final.jar:/home/ubuntu/hadoop-2.7.6/share/hadoop/mapreduce/lib/paranamer-2.3.jar:/home/ubuntu/hadoop-2.7.6/share/hadoop/mapreduce/lib/protobuf-java-2.5.0.jar:/home/ubuntu/hadoop-2.7.6/share/hadoop/mapreduce/lib/snappy-java-1.0.4.1.jar:/home/ubuntu/hadoop-2.7.6/share/hadoop/mapreduce/lib/xz-1.0.jar:/home/ubuntu/hadoop-2.7.6/modules/*.jar
STARTUP_MSG:   build = https://shv@git-wip-us.apache.org/repos/asf/hadoop.git -r 085099c66cf28be31604560c376fa282e69282b8; compiled by 'kshvachk' on 2018-04-18T01:33Z
STARTUP_MSG:   java = 1.8.0_181
************************************************************/
2018-09-23 10:01:53,447 INFO org.apache.hadoop.mapreduce.v2.hs.JobHistoryServer: registered UNIX signal handlers for [TERM, HUP, INT]
2018-09-23 10:01:54,886 INFO org.apache.hadoop.mapreduce.v2.hs.JobHistory: JobHistory Init
2018-09-23 10:01:55,841 INFO org.apache.hadoop.mapreduce.v2.jobhistory.JobHistoryUtils: Default file system [hdfs://localhost:9000]
2018-09-23 10:01:55,955 INFO org.apache.hadoop.mapreduce.v2.hs.HistoryFileManager: Waiting for FileSystem at localhost:9000to be available
2018-09-23 10:02:06,009 INFO org.apache.hadoop.mapreduce.v2.jobhistory.JobHistoryUtils: Default file system [hdfs://localhost:9000]
2018-09-23 10:02:16,108 INFO org.apache.hadoop.mapreduce.v2.jobhistory.JobHistoryUtils: Default file system [hdfs://localhost:9000]
2018-09-23 10:02:26,174 INFO org.apache.hadoop.mapreduce.v2.jobhistory.JobHistoryUtils: Default file system [hdfs://localhost:9000]
2018-09-23 10:02:26,183 INFO org.apache.hadoop.mapreduce.v2.hs.HistoryFileManager: Waiting for FileSystem at localhost:9000to be available
2018-09-23 10:02:36,219 INFO org.apache.hadoop.mapreduce.v2.jobhistory.JobHistoryUtils: Default file system [hdfs://localhost:9000]
2018-09-23 10:02:46,271 INFO org.apache.hadoop.mapreduce.v2.jobhistory.JobHistoryUtils: Default file system [hdfs://localhost:9000]
2018-09-23 10:02:56,305 INFO org.apache.hadoop.mapreduce.v2.jobhistory.JobHistoryUtils: Default file system [hdfs://localhost:9000]
2018-09-23 10:02:56,320 INFO org.apache.hadoop.mapreduce.v2.hs.HistoryFileManager: Waiting for FileSystem at localhost:9000to be available
2018-09-23 10:03:06,355 INFO org.apache.hadoop.mapreduce.v2.jobhistory.JobHistoryUtils: Default file system [hdfs://localhost:9000]
2018-09-23 10:03:16,404 INFO org.apache.hadoop.mapreduce.v2.jobhistory.JobHistoryUtils: Default file system [hdfs://localhost:9000]
2018-09-23 10:03:26,457 INFO org.apache.hadoop.mapreduce.v2.jobhistory.JobHistoryUtils: Default file system [hdfs://localhost:9000]
2018-09-23 10:03:26,468 INFO org.apache.hadoop.mapreduce.v2.hs.HistoryFileManager: Waiting for FileSystem at localhost:9000to be available
2018-09-23 10:03:36,497 INFO org.apache.hadoop.mapreduce.v2.jobhistory.JobHistoryUtils: Default file system [hdfs://localhost:9000]
2018-09-23 10:03:46,551 INFO org.apache.hadoop.mapreduce.v2.jobhistory.JobHistoryUtils: Default file system [hdfs://localhost:9000]
2018-09-23 10:03:56,596 INFO org.apache.hadoop.mapreduce.v2.jobhistory.JobHistoryUtils: Default file system [hdfs://localhost:9000]
2018-09-23 10:03:56,608 INFO org.apache.hadoop.mapreduce.v2.hs.HistoryFileManager: Waiting for FileSystem at localhost:9000to be available
2018-09-23 10:04:06,632 INFO org.apache.hadoop.mapreduce.v2.jobhistory.JobHistoryUtils: Default file system [hdfs://localhost:9000]
2018-09-23 10:04:16,700 INFO org.apache.hadoop.mapreduce.v2.jobhistory.JobHistoryUtils: Default file system [hdfs://localhost:9000]
2018-09-23 10:04:26,732 INFO org.apache.hadoop.mapreduce.v2.jobhistory.JobHistoryUtils: Default file system [hdfs://localhost:9000]
2018-09-23 10:04:26,746 INFO org.apache.hadoop.mapreduce.v2.hs.HistoryFileManager: Waiting for FileSystem at localhost:9000to be available
2018-09-23 10:04:36,773 INFO org.apache.hadoop.mapreduce.v2.jobhistory.JobHistoryUtils: Default file system [hdfs://localhost:9000]
2018-09-23 10:04:46,797 INFO org.apache.hadoop.mapreduce.v2.jobhistory.JobHistoryUtils: Default file system [hdfs://localhost:9000]
2018-09-23 10:04:56,828 INFO org.apache.hadoop.mapreduce.v2.jobhistory.JobHistoryUtils: Default file system [hdfs://localhost:9000]
2018-09-23 10:04:56,834 INFO org.apache.hadoop.mapreduce.v2.hs.HistoryFileManager: Waiting for FileSystem at localhost:9000to be available
2018-09-23 10:05:06,864 INFO org.apache.hadoop.mapreduce.v2.jobhistory.JobHistoryUtils: Default file system [hdfs://localhost:9000]
2018-09-23 10:05:16,892 INFO org.apache.hadoop.mapreduce.v2.jobhistory.JobHistoryUtils: Default file system [hdfs://localhost:9000]
2018-09-23 10:05:26,939 INFO org.apache.hadoop.mapreduce.v2.jobhistory.JobHistoryUtils: Default file system [hdfs://localhost:9000]
2018-09-23 10:05:26,946 INFO org.apache.hadoop.mapreduce.v2.hs.HistoryFileManager: Waiting for FileSystem at localhost:9000to be available
2018-09-23 10:05:36,977 INFO org.apache.hadoop.mapreduce.v2.jobhistory.JobHistoryUtils: Default file system [hdfs://localhost:9000]
2018-09-23 10:05:47,037 INFO org.apache.hadoop.mapreduce.v2.jobhistory.JobHistoryUtils: Default file system [hdfs://localhost:9000]
2018-09-23 10:05:47,571 INFO org.apache.hadoop.mapreduce.v2.hs.HistoryFileManager: Perms after creating 504, Expected: 504
2018-09-23 10:05:47,602 INFO org.apache.hadoop.mapreduce.v2.jobhistory.JobHistoryUtils: Default file system [hdfs://localhost:9000]
2018-09-23 10:05:47,626 INFO org.apache.hadoop.mapreduce.v2.hs.HistoryFileManager: Perms after creating 493, Expected: 1023
2018-09-23 10:05:47,626 INFO org.apache.hadoop.mapreduce.v2.hs.HistoryFileManager: Explicitly setting permissions to : 1023, rwxrwxrwt
2018-09-23 10:05:57,654 INFO org.apache.hadoop.mapreduce.v2.hs.HistoryFileManager: Initializing Existing Jobs...
2018-09-23 10:05:57,702 INFO org.apache.hadoop.mapreduce.v2.hs.CachedHistoryStorage: CachedHistoryStorage Init
2018-09-23 10:05:57,775 INFO org.apache.hadoop.ipc.CallQueueManager: Using callQueue: class java.util.concurrent.LinkedBlockingQueue queueCapacity: 100
2018-09-23 10:05:57,800 INFO org.apache.hadoop.ipc.Server: Starting Socket Reader #1 for port 10033
2018-09-23 10:05:58,022 INFO org.apache.hadoop.metrics2.impl.MetricsConfig: loaded properties from hadoop-metrics2.properties
2018-09-23 10:05:58,273 INFO org.apache.hadoop.metrics2.impl.MetricsSystemImpl: Scheduled snapshot period at 10 second(s).
2018-09-23 10:05:58,273 INFO org.apache.hadoop.metrics2.impl.MetricsSystemImpl: JobHistoryServer metrics system started
2018-09-23 10:05:58,869 INFO org.apache.hadoop.security.token.delegation.AbstractDelegationTokenSecretManager: Updating the current master key for generating delegation tokens
2018-09-23 10:05:58,879 INFO org.apache.hadoop.security.token.delegation.AbstractDelegationTokenSecretManager: Starting expired delegation token remover thread, tokenRemoverScanInterval=60 min(s)
2018-09-23 10:05:58,879 INFO org.apache.hadoop.security.token.delegation.AbstractDelegationTokenSecretManager: Updating the current master key for generating delegation tokens
2018-09-23 10:05:59,291 INFO org.mortbay.log: Logging to org.slf4j.impl.Log4jLoggerAdapter(org.mortbay.log) via org.mortbay.log.Slf4jLog
2018-09-23 10:05:59,328 INFO org.apache.hadoop.security.authentication.server.AuthenticationFilter: Unable to initialize FileSignerSecretProvider, falling back to use random secrets.
2018-09-23 10:05:59,362 INFO org.apache.hadoop.http.HttpRequestLog: Http request log for http.requests.jobhistory is not defined
2018-09-23 10:05:59,402 INFO org.apache.hadoop.http.HttpServer2: Added global filter 'safety' (class=org.apache.hadoop.http.HttpServer2$QuotingInputFilter)
2018-09-23 10:05:59,421 INFO org.apache.hadoop.http.HttpServer2: Added filter static_user_filter (class=org.apache.hadoop.http.lib.StaticUserWebFilter$StaticUserFilter) to context jobhistory
2018-09-23 10:05:59,421 INFO org.apache.hadoop.http.HttpServer2: Added filter static_user_filter (class=org.apache.hadoop.http.lib.StaticUserWebFilter$StaticUserFilter) to context static
2018-09-23 10:05:59,421 INFO org.apache.hadoop.http.HttpServer2: Added filter static_user_filter (class=org.apache.hadoop.http.lib.StaticUserWebFilter$StaticUserFilter) to context logs
2018-09-23 10:05:59,427 INFO org.apache.hadoop.http.HttpServer2: adding path spec: /jobhistory/*
2018-09-23 10:05:59,427 INFO org.apache.hadoop.http.HttpServer2: adding path spec: /ws/*
2018-09-23 10:06:00,986 INFO org.apache.hadoop.yarn.webapp.WebApps: Registered webapp guice modules
2018-09-23 10:06:00,987 INFO org.apache.hadoop.http.HttpServer2: Jetty bound to port 19888
2018-09-23 10:06:00,999 INFO org.mortbay.log: jetty-6.1.26
2018-09-23 10:06:01,128 INFO org.mortbay.log: Extract jar:file:/home/ubuntu/hadoop-2.7.6/share/hadoop/yarn/hadoop-yarn-common-2.7.6.jar!/webapps/jobhistory to /tmp/Jetty_0_0_0_0_19888_jobhistory____.djq1tw/webapp
2018-09-23 10:06:05,722 INFO org.mortbay.log: Started HttpServer2$SelectChannelConnectorWithSafeStartup@0.0.0.0:19888
2018-09-23 10:06:05,722 INFO org.apache.hadoop.yarn.webapp.WebApps: Web app jobhistory started at 19888
2018-09-23 10:06:05,960 INFO org.apache.hadoop.ipc.CallQueueManager: Using callQueue: class java.util.concurrent.LinkedBlockingQueue queueCapacity: 1000
2018-09-23 10:06:05,977 INFO org.apache.hadoop.ipc.Server: Starting Socket Reader #1 for port 10020
2018-09-23 10:06:06,006 INFO org.apache.hadoop.yarn.factories.impl.pb.RpcServerFactoryPBImpl: Adding protocol org.apache.hadoop.mapreduce.v2.api.HSClientProtocolPB to the server
2018-09-23 10:06:06,014 INFO org.apache.hadoop.ipc.Server: IPC Server Responder: starting
2018-09-23 10:06:06,073 INFO org.apache.hadoop.ipc.Server: IPC Server listener on 10020: starting
2018-09-23 10:06:06,076 INFO org.apache.hadoop.mapreduce.v2.hs.HistoryClientService: Instantiated HistoryClientService at ip-172-31-87-173.ec2.internal/172.31.87.173:10020
2018-09-23 10:06:06,092 INFO org.apache.hadoop.ipc.Server: IPC Server Responder: starting
2018-09-23 10:06:06,093 INFO org.apache.hadoop.ipc.Server: IPC Server listener on 10033: starting
2018-09-23 10:06:28,885 INFO org.apache.hadoop.mapreduce.v2.hs.JobHistory: History Cleaner started
2018-09-23 10:06:28,892 INFO org.apache.hadoop.mapreduce.v2.hs.JobHistory: History Cleaner complete
2018-09-23 10:08:41,028 ERROR org.apache.hadoop.mapreduce.v2.hs.JobHistoryServer: RECEIVED SIGNAL 15: SIGTERM
2018-09-23 10:08:41,030 INFO org.apache.hadoop.metrics2.impl.MetricsSystemImpl: Stopping JobHistoryServer metrics system...
2018-09-23 10:08:41,033 INFO org.apache.hadoop.metrics2.impl.MetricsSystemImpl: JobHistoryServer metrics system stopped.
2018-09-23 10:08:41,033 INFO org.apache.hadoop.metrics2.impl.MetricsSystemImpl: JobHistoryServer metrics system shutdown complete.
2018-09-23 10:08:41,033 INFO org.apache.hadoop.ipc.Server: Stopping server on 10033
2018-09-23 10:08:41,034 INFO org.apache.hadoop.ipc.Server: Stopping IPC Server listener on 10033
2018-09-23 10:08:41,036 INFO org.apache.hadoop.ipc.Server: Stopping IPC Server Responder
2018-09-23 10:08:41,037 INFO org.apache.hadoop.ipc.Server: Stopping server on 10020
2018-09-23 10:08:41,038 INFO org.apache.hadoop.ipc.Server: Stopping IPC Server listener on 10020
2018-09-23 10:08:41,038 INFO org.apache.hadoop.ipc.Server: Stopping IPC Server Responder
2018-09-23 10:08:41,051 INFO org.mortbay.log: Stopped HttpServer2$SelectChannelConnectorWithSafeStartup@0.0.0.0:19888
2018-09-23 10:08:41,052 WARN org.apache.hadoop.http.HttpServer2: HttpServer Acceptor: isRunning is false. Rechecking.
2018-09-23 10:08:41,052 WARN org.apache.hadoop.http.HttpServer2: HttpServer Acceptor: isRunning is false
2018-09-23 10:08:41,152 INFO org.apache.hadoop.mapreduce.v2.hs.JobHistory: Stopping JobHistory
2018-09-23 10:08:41,152 INFO org.apache.hadoop.mapreduce.v2.hs.JobHistory: Stopping History Cleaner/Move To Done
2018-09-23 10:08:41,156 ERROR org.apache.hadoop.security.token.delegation.AbstractDelegationTokenSecretManager: ExpiredTokenRemover received java.lang.InterruptedException: sleep interrupted
2018-09-23 10:08:41,156 INFO org.apache.hadoop.mapreduce.v2.hs.JobHistoryServer: SHUTDOWN_MSG: 
/************************************************************
SHUTDOWN_MSG: Shutting down JobHistoryServer at ip-172-31-87-173.ec2.internal/172.31.87.173
************************************************************/
